### ISSUE TITLE
Using xsreensaver crashes cinnamon-screensaver

### ISSUE THREAD

**Issue by leigh123linux** [linuxmint/cinnamon-screensaver#101]
```
warning: core file may not match specified executable file.
[New LWP 1931]
[New LWP 1932]
[New LWP 1934]
[New LWP 1933]
[Thread debugging using libthread_db enabled]
Using host libthread_db library "/lib64/libthread_db.so.1".
Core was generated by `cinnamon-screensaver'.
Program terminated with signal SIGTRAP, Trace/breakpoint trap.
#0  0x00007f10fe948d3b in _g_log_abort (breakpoint=1) at gmessages.c:315
315 gmessages.c: No such file or directory.

Thread 4 (Thread 0x7f10eb7bf700 (LWP 1933)):
#0  0x00007f10fd89666d in poll () at ../sysdeps/unix/syscall-template.S:81
#1  0x00007f10fe941dbc in g_main_context_iterate (priority=2147483647, n_fds=1, fds=0x7f10dc0010e0, timeout=<optimized out>, context=0x11f96a0) at gmain.c:4103
        poll_func = 0x7f10fe951500 <g_poll>
        max_priority = 2147483647
        timeout = -1
        some_ready = <optimized out>
        nfds = 1
        allocated_nfds = 1
        fds = 0x7f10dc0010e0
#2  0x00007f10fe941dbc in g_main_context_iterate (context=context@entry=0x11f96a0, block=block@entry=1, dispatch=dispatch@entry=1, self=<optimized out>) at gmain.c:3803
        max_priority = 2147483647
        timeout = -1
        some_ready = <optimized out>
        nfds = 1
        allocated_nfds = 1
        fds = 0x7f10dc0010e0
#3  0x00007f10fe941ecc in g_main_context_iteration (context=context@entry=0x11f96a0, may_block=may_block@entry=1) at gmain.c:3869
        retval = <optimized out>
#4  0x00007f10eb7c72ad in dconf_gdbus_worker_thread (user_data=0x11f96a0) at dconf-gdbus-thread.c:82
        context = 0x11f96a0
#5  0x00007f10fe9690a5 in g_thread_proxy (data=0x1226630) at gthread.c:764
        thread = <optimized out>
#6  0x00007f10fd587555 in start_thread (arg=0x7f10eb7bf700) at pthread_create.c:333
        __res = <optimized out>
        pd = 0x7f10eb7bf700
        now = <optimized out>
        unwind_buf = {cancel_jmp_buf = {{jmp_buf = {139710646974208, -8394493084302306148, 140722215361695, 139710646974208, 8388608, 0, 8476077911591359644, 8476126019815347356}, mask_was_saved = 0}}, priv = {pad = {0x0, 0x0, 0x0, 0x0}, data = {prev = 0x0, cleanup = 0x0, canceltype = 0}}}
        not_first_call = <optimized out>
        pagesize_m1 = <optimized out>
        sp = <optimized out>
        freesize = <optimized out>
#7  0x00007f10fd8a1f3d in clone () at ../sysdeps/unix/sysv/linux/x86_64/clone.S:109

Thread 3 (Thread 0x7f10eaf37700 (LWP 1934)):
#0  0x00007f10fd89666d in poll () at ../sysdeps/unix/syscall-template.S:81
#1  0x00007f10fe941dbc in g_main_context_iterate (priority=2147483647, n_fds=2, fds=0x7f10e00008c0, timeout=<optimized out>, context=0x116bc60) at gmain.c:4103
        poll_func = 0x7f10fe951500 <g_poll>
        max_priority = 2147483647
        timeout = -1
        some_ready = <optimized out>
        nfds = 2
        allocated_nfds = 2
        fds = 0x7f10e00008c0
#2  0x00007f10fe941dbc in g_main_context_iterate (context=context@entry=0x116bc60, block=block@entry=1, dispatch=dispatch@entry=1, self=<optimized out>) at gmain.c:3803
        max_priority = 2147483647
        timeout = -1
        some_ready = <optimized out>
        nfds = 2
        allocated_nfds = 2
        fds = 0x7f10e00008c0
#3  0x00007f10fe941ecc in g_main_context_iteration (context=0x116bc60, may_block=may_block@entry=1) at gmain.c:3869
        retval = <optimized out>
#4  0x00007f10fe941f09 in glib_worker_main (data=<optimized out>) at gmain.c:5618
#5  0x00007f10fe9690a5 in g_thread_proxy (data=0x12266d0) at gthread.c:764
        thread = <optimized out>
#6  0x00007f10fd587555 in start_thread (arg=0x7f10eaf37700) at pthread_create.c:333
        __res = <optimized out>
        pd = 0x7f10eaf37700
        now = <optimized out>
        unwind_buf = {cancel_jmp_buf = {{jmp_buf = {139710638028544, -8394493084302306148, 140722215361359, 139710638028544, 8388608, 0, 8476074540042032284, 8476126019815347356}, mask_was_saved = 0}}, priv = {pad = {0x0, 0x0, 0x0, 0x0}, data = {prev = 0x0, cleanup = 0x0, canceltype = 0}}}
        not_first_call = <optimized out>
        pagesize_m1 = <optimized out>
        sp = <optimized out>
        freesize = <optimized out>
#7  0x00007f10fd8a1f3d in clone () at ../sysdeps/unix/sysv/linux/x86_64/clone.S:109

Thread 2 (Thread 0x7f10ec1cf700 (LWP 1932)):
#0  0x00007f10fd89666d in poll () at ../sysdeps/unix/syscall-template.S:81
#1  0x00007f10fe941dbc in g_main_context_iterate (priority=2147483647, n_fds=2, fds=0x7f10e40010e0, timeout=<optimized out>, context=0x1177250) at gmain.c:4103
        poll_func = 0x7f10fe951500 <g_poll>
        max_priority = 2147483647
        timeout = -1
        some_ready = <optimized out>
        nfds = 2
        allocated_nfds = 2
        fds = 0x7f10e40010e0
#2  0x00007f10fe941dbc in g_main_context_iterate (context=0x1177250, block=block@entry=1, dispatch=dispatch@entry=1, self=<optimized out>) at gmain.c:3803
        max_priority = 2147483647
        timeout = -1
        some_ready = <optimized out>
        nfds = 2
        allocated_nfds = 2
        fds = 0x7f10e40010e0
#3  0x00007f10fe942142 in g_main_loop_run (loop=0x117a360) at gmain.c:4002
        __func__ = "g_main_loop_run"
#4  0x00007f10fef6f696 in gdbus_shared_thread_func (user_data=0x1177220) at gdbusprivate.c:274
        data = 0x1177220
#5  0x00007f10fe9690a5 in g_thread_proxy (data=0x11080a0) at gthread.c:764
        thread = <optimized out>
#6  0x00007f10fd587555 in start_thread (arg=0x7f10ec1cf700) at pthread_create.c:333
        __res = <optimized out>
        pd = 0x7f10ec1cf700
        now = <optimized out>
        unwind_buf = {cancel_jmp_buf = {{jmp_buf = {139710657525504, -8394493084302306148, 140722215359711, 139710657525504, 8388608, 0, 8476088125023589532, 8476126019815347356}, mask_was_saved = 0}}, priv = {pad = {0x0, 0x0, 0x0, 0x0}, data = {prev = 0x0, cleanup = 0x0, canceltype = 0}}}
        not_first_call = <optimized out>
        pagesize_m1 = <optimized out>
        sp = <optimized out>
        freesize = <optimized out>
#7  0x00007f10fd8a1f3d in clone () at ../sysdeps/unix/sysv/linux/x86_64/clone.S:109

Thread 1 (Thread 0x7f1101419a40 (LWP 1931)):
#0  0x00007f10fe948d3b in g_logv (breakpoint=1) at gmessages.c:315
        domain = 0x0
        data = 0x0
        depth = 1
        log_func = 0x7f10fe948500 <g_log_default_handler>
        domain_fatal_mask = <optimized out>
        masquerade_fatal = 0
        test_level = <optimized out>
        was_fatal = <optimized out>
        was_recursion = <optimized out>
        msg = 0x149cc80 "The program 'cinnamon-screensaver' received an X Window System error.\nThis probably reflects a bug in the program.\nThe error was 'BadWindow (invalid Window parameter)'.\n  (Details: serial 2362 error_c"...
        msg_alloc = 0x149cc80 "The program 'cinnamon-screensaver' received an X Window System error.\nThis probably reflects a bug in the program.\nThe error was 'BadWindow (invalid Window parameter)'.\n  (Details: serial 2362 error_c"...
        i = 2
#1  0x00007f10fe948d3b in g_logv (log_domain=0x7f110008076e "Gdk", log_level=G_LOG_LEVEL_ERROR, format=<optimized out>, args=args@entry=0x7ffc71a89dd0) at gmessages.c:1041
        domain = 0x0
        data = 0x0
        depth = 1
        log_func = 0x7f10fe948500 <g_log_default_handler>
        domain_fatal_mask = <optimized out>
        masquerade_fatal = 0
        test_level = <optimized out>
        was_fatal = <optimized out>
        was_recursion = <optimized out>
        msg = 0x149cc80 "The program 'cinnamon-screensaver' received an X Window System error.\nThis probably reflects a bug in the program.\nThe error was 'BadWindow (invalid Window parameter)'.\n  (Details: serial 2362 error_c"...
        msg_alloc = 0x149cc80 "The program 'cinnamon-screensaver' received an X Window System error.\nThis probably reflects a bug in the program.\nThe error was 'BadWindow (invalid Window parameter)'.\n  (Details: serial 2362 error_c"...
        i = 2
#2  0x00007f10fe948eaf in g_log (log_domain=log_domain@entry=0x7f110008076e "Gdk", log_level=log_level@entry=G_LOG_LEVEL_ERROR, format=format@entry=0x7f110009d00c "%s") at gmessages.c:1079
        args = {{gp_offset = 32, fp_offset = 48, overflow_arg_area = 0x7ffc71a89eb0, reg_save_area = 0x7ffc71a89df0}}
#3  0x00007f1100050a7a in _gdk_x11_display_error_event (display=display@entry=0x1130000 [GdkX11Display], error=error@entry=0x7ffc71a89f80) at gdkdisplay-x11.c:2552
        buf = "BadWindow (invalid Window parameter)", '\000' <repeats 27 times>
        msg = <optimized out>
        display_x11 = 0x1130000 [GdkX11Display]
        tmp_list = <optimized out>
        ignore = 0
#4  0x00007f110005bac9 in gdk_x_errPython Exception <class 'TypeError'> iter() returned non-iterator of type '_iterator': 
or (xdisplay=0x111c4d0, error=0x7ffc71a89f80) at gdkmain-x11.c:303
        error_display = 0x1130000 [GdkX11Display]
        manager = <optimized out>
        displays = 0x1330d00
        error = 0x7ffc71a89f80
        xdisplay = 0x111c4d0
#5  0x00007f10fdfb53fd in _XError (dpy=dpy@entry=0x111c4d0, rep=rep@entry=0x116b100) at XlibInt.c:1429
        rtn_val = <optimized out>
        event = {type = 0, xany = {type = 0, serial = 17941712, send_event = 77594632, display = 0x93a, window = 2654979}, xkey = {type = 0, serial = 17941712, send_event = 77594632, display = 0x93a, window = 2654979, root = 21539152, subwindow = 18101520, time = 18152248, x = 17941712, y = 0, x_root = 18264320, y_root = 0, state = 0, keycode = 0, same_screen = 0}, xbutton = {type = 0, serial = 17941712, send_event = 77594632, display = 0x93a, window = 2654979, root = 21539152, subwindow = 18101520, time = 18152248, x = 17941712, y = 0, x_root = 18264320, y_root = 0, state = 0, button = 0, same_screen = 0}, xmotion = {type = 0, serial = 17941712, send_event = 77594632, display = 0x93a, window = 2654979, root = 21539152, subwindow = 18101520, time = 18152248, x = 17941712, y = 0, x_root = 18264320, y_root = 0, state = 0, is_hint = 0 '\000', same_screen = 0}, xcrossing = {type = 0, serial = 17941712, send_event = 77594632, display = 0x93a, window = 2654979, root = 21539152, subwindow = 18101520, time = 18152248, x = 17941712, y = 0, x_root = 18264320, y_root = 0, mode = 0, detail = 0, same_screen = 0, focus = 0, state = 17982520}, xfocus = {type = 0, serial = 17941712, send_event = 77594632, display = 0x93a, window = 2654979, mode = 21539152, detail = 0}, xexpose = {type = 0, serial = 17941712, send_event = 77594632, display = 0x93a, window = 2654979, x = 21539152, y = 0, width = 18101520, height = 0, count = 18152248}, xgraphicsexpose = {type = 0, serial = 17941712, send_event = 77594632, display = 0x93a, drawable = 2654979, x = 21539152, y = 0, width = 18101520, height = 0, count = 18152248, major_code = 0, minor_code = 17941712}, xnoexpose = {type = 0, serial = 17941712, send_event = 77594632, display = 0x93a, drawable = 2654979, major_code = 21539152, minor_code = 0}, xvisibility = {type = 0, serial = 17941712, send_event = 77594632, display = 0x93a, window = 2654979, state = 21539152}, xcreatewindow = {type = 0, serial = 17941712, send_event = 77594632, display = 0x93a, parent = 2654979, window = 21539152, x = 18101520, y = 0, width = 18152248, height = 0, border_width = 17941712, override_redirect = 0}, xdestroywindow = {type = 0, serial = 17941712, send_event = 77594632, display = 0x93a, event = 2654979, window = 21539152}, xunmap = {type = 0, serial = 17941712, send_event = 77594632, display = 0x93a, event = 2654979, window = 21539152, from_configure = 18101520}, xmap = {type = 0, serial = 17941712, send_event = 77594632, display = 0x93a, event = 2654979, window = 21539152, override_redirect = 18101520}, xmaprequest = {type = 0, serial = 17941712, send_event = 77594632, display = 0x93a, parent = 2654979, window = 21539152}, xreparent = {type = 0, serial = 17941712, send_event = 77594632, display = 0x93a, event = 2654979, window = 21539152, parent = 18101520, x = 18152248, y = 0, override_redirect = 17941712}, xconfigure = {type = 0, serial = 17941712, send_event = 77594632, display = 0x93a, event = 2654979, window = 21539152, x = 18101520, y = 0, width = 18152248, height = 0, border_width = 17941712, above = 18264320, override_redirect = 0}, xgravity = {type = 0, serial = 17941712, send_event = 77594632, display = 0x93a, event = 2654979, window = 21539152, x = 18101520, y = 0}, xresizerequest = {type = 0, serial = 17941712, send_event = 77594632, display = 0x93a, window = 2654979, width = 21539152, height = 0}, xconfigurerequest = {type = 0, serial = 17941712, send_event = 77594632, display = 0x93a, parent = 2654979, window = 21539152, x = 18101520, y = 0, width = 18152248, height = 0, border_width = 17941712, above = 18264320, detail = 0, value_mask = 0}, xcirculate = {type = 0, serial = 17941712, send_event = 77594632, display = 0x93a, event = 2654979, window = 21539152, place = 18101520}, xcirculaterequest = {type = 0, serial = 17941712, send_event = 77594632, display = 0x93a, parent = 2654979, window = 21539152, place = 18101520}, xproperty = {type = 0, serial = 17941712, send_event = 77594632, display = 0x93a, window = 2654979, atom = 21539152, time = 18101520, state = 18152248}, xselectionclear = {type = 0, serial = 17941712, send_event = 77594632, display = 0x93a, window = 2654979, selection = 21539152, time = 18101520}, xselectionrequest = {type = 0, serial = 17941712, send_event = 77594632, display = 0x93a, owner = 2654979, requestor = 21539152, selection = 18101520, target = 18152248, property = 17941712, time = 18264320}, xselection = {type = 0, serial = 17941712, send_event = 77594632, display = 0x93a, requestor = 2654979, selection = 21539152, target = 18101520, property = 18152248, time = 17941712}, xcolormap = {type = 0, serial = 17941712, send_event = 77594632, display = 0x93a, window = 2654979, colormap = 21539152, new = 18101520, state = 0}, xclient = {type = 0, serial = 17941712, send_event = 77594632, display = 0x93a, window = 2654979, message_type = 21539152, format = 18101520, data = {b = "8\373\024\001\000\000\000\000\320\304\021\001\000\000\000\000\000\261\026\001", s = {-1224, 276, 0, 0, -15152, 273, 0, 0, -20224, 278}, l = {18152248, 17941712, 18264320, 0, 0}}}, xmapping = {type = 0, serial = 17941712, send_event = 77594632, display = 0x93a, window = 2654979, request = 21539152, first_keycode = 0, count = 18101520}, xerror = {type = 0, display = 0x111c4d0, resourceid = 77594632, serial = 2362, error_code = 3 '\003', request_code = 131 '\203', minor_code = 40 '('}, xkeymap = {type = 0, serial = 17941712, send_event = 77594632, display = 0x93a, window = 2654979, key_vector = "P\251H\001\000\000\000\000\020\065\024\001\000\000\000\000\070\373\024\001\000\000\000\000\320\304\021\001\000\000\000"}, xgeneric = {type = 0, serial = 17941712, send_event = 77594632, display = 0x93a, extension = 2654979, evtype = 0}, xcookie = {type = 0, serial = 17941712, send_event = 77594632, display = 0x93a, extension = 2654979, evtype = 0, cookie = 21539152, data = 0x1143510}, pad = {0, 17941712, 77594632, 2362, 2654979, 21539152, 18101520, 18152248, 17941712, 18264320, 0, 0, 17982520, 140722215362768, 17982496, 139710949375644, 1, -1, 0, 7100589508545479936, 0, 17941712, 21487984, 21487984}}
        async = <optimized out>
        next = <optimized out>
#6  0x00007f10fdfb2287 in handle_error (dpy=dpy@entry=0x111c4d0, err=0x116b100, in_XReply=in_XReply@entry=1) at xcb_io.c:213
        ext = <optimized out>
        ret_code = 0
#7  0x00007f10fdfb3408 in _XReply (dpy=dpy@entry=0x111c4d0, rep=rep@entry=0x7ffc71a8a160, extra=extra@entry=6, discard=discard@entry=0) at xcb_io.c:699
        ret_code = <optimized out>
        error = 0x116b100
        c = <optimized out>
        reply = 0x0
        current = 0x147e170
        __PRETTY_FUNCTION__ = "_XReply"
#8  0x00007f10fc614597 in XIQueryPointer (dpy=0x111c4d0, deviceid=deviceid@entry=2, w=w@entry=77594632, root=root@entry=0x7ffc71a8a2a0, child=child@entry=0x7ffc71a8a2a8, root_x=root_x@entry=0x7ffc71a8a2b0, root_y=0x7ffc71a8a2b8, win_x=0x7ffc71a8a2c0, win_y=0x7ffc71a8a2c8, buttons=0x7ffc71a8a2d0, mods=0x7ffc71a8a2e0, group=0x7ffc71a8a2f0) at XIQueryPointer.c:74
        req = <optimized out>
        rep = {repType = 0 '\000', RepType = 3 '\003', sequenceNumber = 2362, length = 77594632, root = 8585256, child = 0, root_x = 0, root_y = 0, win_x = 0, win_y = 0, same_screen = 32 ' ', pad0 = 162 '\242', buttons_len = 29096, mods = {base_mods = 32764, latched_mods = 17775712, locked_mods = 0, effective_mods = 0}, group = {base_group = 0 '\000', latched_group = 0 '\000', locked_group = 0 '\000', effective_group = 0 '\000'}}
        info = 0x1143400
#9  0x00007f110004a9ce in gdk_x11_device_xi2_query_state (device=0x1135040 [GdkX11DeviceXI2], window=0x13a5690 [GdkX11Window], root_window=0x0, child_window=0x7ffc71a8a3e0, root_x=0x0, root_y=0x0, win_x=0x7ffc71a8a408, win_y=0x7ffc71a8a410, mask=0x7ffc71a8a404) at gdkdevice-xi2Python Exception <class 'TypeError'> iter() returned non-iterator of type '_iterator': 
.c:352
        impl = 0x146d920 [GdkWindowImplX11]
        device_xi2 = 0x1135040 [GdkX11DeviceXI2]
        display = 0x1130000 [GdkX11Display]
        default_screen = 0x11360c0 [GdkX11Screen]
        xroot_window = 0
        xchild_window = 0
        xroot_x = 0
        xroot_y = 0
        xwin_x = 0
        xwin_y = 0
        button_state = {mask_len = 18023456, mask = 0x7f10fec6127f <g_signal_emit_valist+527> "A\213G\030I\213w(\307\205\350\376\377\377"}
        mod_state = {base = 1, latched = 0, locked = 20600816, effective = 0}
        group_state = {base = 20600800, latched = 0, locked = 21610864, effective = 0}
#10 0x00007f1100064827 in gdk_window_x11_get_device_state (window=<optimized out>, device=<optimized out>, x=<optimized out>, y=<optimized out>, mask=<optimized out>) at gdkwindow-x11.c:3301
        child = 0x1135040 [GdkX11DeviceXI2]
        mask = <optimized out>
        y = <optimized out>
        device = <optimized out>
        window = <optimized out>
        x = <optimized out>
#11 0x00007f110003d01d in gdk_window_get_device_position_double (window=0x13a5690 [GdkX11Window], device=device@entry=0x1135040 [GdkX11DeviceXI2], x=x@entry=0x7ffc71a8a488, y=y@entry=0x7ffc71a8a490, mask=mask@entry=0x7ffc71a8a484) at gdkwindow.c:4673
        tmp_x = 0
        tmp_y = 0
        tmp_mask = 0
        normal_child = <optimized out>
        __func__ = "gdk_window_get_device_position_double"
#12 0x00007f11000294f0 in synthesize_crossing_events (display=display@entry=0x1130000 [GdkX11Display], device=device@entry=0x1135040 [GdkX11DeviceXI2], source_device=source_device@entry=0x1135040 [GdkX11DeviceXI2], src_window=0x13a5690 [GdkX11Window], dest_window=0x1144e70 [GdkX11Window], crossing_mode=crossing_mode@entry=GDK_CROSSING_GRAB, time=7775159, serial=2316) at gdkdisplay.c:861
        src_toplevel = <optimized out>
        dest_toplevel = <optimized out>
        state = 0
        x = 8.9143987802374443e-317
        y = 8.9645167993515803e-317
#13 0x00007f110002a1d2 in switch_to_pointer_grab (display=display@entry=0x1130000 [GdkX11Display], device=device@entry=0x1135040 [GdkX11DeviceXI2], source_device=source_device@entry=0x1135040 [GdkX11DeviceXI2], grab=grab@entry=0x1497ec0, last_grab=last_grab@entry=0x0, time=time@entry=7775159, serial=2316) at gdkdisplay.c:953
        src_window = <optimized out>
        pointer_window = <optimized out>
        new_toplevel = <optimized out>
        info = 0x10ea380
        old_grabs = 0x11cd720
        state = <optimized out>
        x = 0
        y = 0
#14 0x00007f110002a63f in _gdk_display_device_grab_update (display=0x1130000 [GdkX11Display], device=0x1135040 [GdkX11DeviceXI2], source_device=0x1135040 [GdkX11DeviceXI2], current_serial=2316) at gdkdisplay.c:1062
        current_grab = 0x1497ec0
        next_grab = <optimized out>
        grabs = <optimized out>
        time = 7775159
#15 0x00007f1100046f73 in roundtrip_callback_idle (data=0x1498f50) at gdkasync.c:674
        state = 0x1498f50
#16 0x00007f1100023cb8 in gdk_threads_dispatch (data=0x118b120) at gdk.c:719
        dispatch = 0x118b120
        ret = 0
#17 0x00007f10fe941a8a in g_main_context_dispatch (context=0x1117c40) at gmain.c:3122
        dispatch = 0x7f10fe93e530 <g_idle_dispatch>
        prev_source = 0x0
        was_in_call = 0
        user_data = 0x118b120
        callback = 0x7f1100023c90 <gdk_threads_dispatch>
        cb_funcs = 0x7f10fec308a0 <g_source_callback_funcs>
        cb_data = 0x149b0e0
        need_destroy = <optimized out>
        source = 0x148c600
        current = 0x10f9200
        i = 0
#18 0x00007f10fe941a8a in g_main_context_dispatch (context=context@entry=0x1117c40) at gmain.c:3737
#19 0x00007f10fe941e20 in g_main_context_iterate (context=0x1117c40, block=block@entry=1, dispatch=dispatch@entry=1, self=<optimized out>) at gmain.c:3808
        max_priority = 200
        timeout = 0
        some_ready = 1
        nfds = <optimized out>
        allocated_nfds = 9
        fds = 0x14787a0
#20 0x00007f10fe942142 in g_main_loop_run (loop=0x124ab50) at gmain.c:4002
        __func__ = "g_main_loop_run"
#21 0x00007f11004cf155 in gtk_main () at gtkmain.c:1219
        loop = 0x124ab50
#22 0x0000000000409ae2 in main ()
From                To                  Syms Read   Shared Object Library
                                        No          linux-vdso.so.1
0x00007f11010425e0  0x00007f11010560c1  Yes         /lib64/libdbus-glib-1.so.2
0x00007f1100def920  0x00007f1100e1a2f4  Yes         /lib64/libdbus-1.so.3
0x00007f1100bc5940  0x00007f1100bdb2d7  Yes (*)     /lib64/libcinnamon-desktop.so.4
0x00007f110034a280  0x00007f1100654329  Yes         /lib64/libgtk-3.so.0
0x00007f1100023100  0x00007f1100080751  Yes         /lib64/libgdk-3.so.0
0x00007f10ffdf48b0  0x00007f10ffdf9566  Yes         /lib64/libpangocairo-1.0.so.0
0x00007f10ffbacde0  0x00007f10ffbcc7d6  Yes         /lib64/libpango-1.0.so.0
0x00007f10ff9831f0  0x00007f10ff98f643  Yes         /lib64/libatk-1.0.so.0
0x00007f10ff76b560  0x00007f10ff76c4f9  Yes         /lib64/libcairo-gobject.so.2
0x00007f10ff44b9f0  0x00007f10ff51bc79  Yes         /lib64/libcairo.so.2
0x00007f10ff2175e0  0x00007f10ff22b9b9  Yes         /lib64/libgdk_pixbuf-2.0.so.0
0x00007f10feec4e20  0x00007f10fef92f5b  Yes         /lib64/libgio-2.0.so.0
0x00007f10fec42f20  0x00007f10fec72b06  Yes         /lib64/libgobject-2.0.so.0
0x00007f10fe912700  0x00007f10fe9af0f9  Yes         /lib64/libglib-2.0.so.0
0x00007f10fe6f1c20  0x00007f10fe6f5dff  Yes         /lib64/libSM.so.6
0x00007f10fe4d4f30  0x00007f10fe4e28da  Yes         /lib64/libICE.so.6
0x00007f10fe2bb770  0x00007f10fe2c554f  Yes         /lib64/libXext.so.6
0x00007f10fdf8dfe0  0x00007f10fe015dc4  Yes         /lib64/libX11.so.6
0x00007f10fdd69010  0x00007f10fdd6b8b8  Yes         /lib64/libXxf86vm.so.1
0x00007f10fdb60d90  0x00007f10fdb61eb8  Yes         /lib64/libXxf86misc.so.1
0x00007f11014354c0  0x00007f110144e6bd  Yes (*)     /lib64/libsystemd.so.0
0x00007f10fd7bf4d0  0x00007f10fd90c8f4  Yes         /lib64/libc.so.6
0x00007f10fd585a00  0x00007f10fd5921b1  Yes         /lib64/libpthread.so.0
0x00007f10fd27d550  0x00007f10fd2ef23a  Yes         /lib64/libm.so.6
0x00007f10fd069c00  0x00007f10fd06f5a9  Yes         /lib64/libXrandr.so.2
0x00007f10fce44d50  0x00007f10fce5cdc8  Yes         /lib64/libxkbfile.so.1
0x00007f10fcc3a140  0x00007f10fcc3cfe7  Yes         /lib64/librt.so.1
0x00007f10fca22af0  0x00007f10fca32845  Yes         /lib64/libgcc_s.so.1
0x00007f10fc819190  0x00007f10fc81a095  Yes         /lib64/libgmodule-2.0.so.0
0x00007f10fc60a230  0x00007f10fc614857  Yes         /lib64/libXi.so.6
0x00007f10fc4015f0  0x00007f10fc403926  Yes         /lib64/libXfixes.so.3
0x00007f10fc1da4a0  0x00007f10fc1ee409  Yes         /lib64/libatk-bridge-2.0.so.0
0x00007f10fbf3ba20  0x00007f10fbf76b68  Yes         /lib64/libepoxy.so.0
0x00007f10fbcd7390  0x00007f10fbcdf5bb  Yes         /lib64/libpangoft2-1.0.so.0
0x00007f10fba8eda0  0x00007f10fbaade1a  Yes         /lib64/libfontconfig.so.1
0x00007f10fb880bb0  0x00007f10fb881524  Yes         /lib64/libXinerama.so.1
0x00007f10fb672ab0  0x00007f10fb6775b7  Yes         /lib64/libXcursor.so.1
0x00007f10fb468cd0  0x00007f10fb4696e5  Yes         /lib64/libXcomposite.so.1
0x00007f10fb260c40  0x00007f10fb26156b  Yes         /lib64/libXdamage.so.1
0x00007f10fb0243a0  0x00007f10fb03ed55  Yes         /lib64/libxkbcommon.so.0
0x00007f10fae19240  0x00007f10fae1ad51  Yes         /lib64/libwayland-cursor.so.0
0x00007f10fac10700  0x00007f10fac108d6  Yes         /lib64/libwayland-egl.so.1
0x00007f10faa04fc0  0x00007f10faa094bf  Yes         /lib64/libwayland-client.so.0
0x00007f10fa7f86b0  0x00007f10fa7f882a  Yes         /lib64/libgthread-2.0.so.0
0x00007f10fa59f140  0x00007f10fa5d8d79  Yes         /lib64/libharfbuzz.so.0
0x00007f10fa2f6b60  0x00007f10fa3664b2  Yes         /lib64/libfreetype.so.6
0x00007f10fa042370  0x00007f10fa0cc090  Yes         /lib64/libpixman-1.so.0
0x00007f10f9d52fe0  0x00007f10f9dd6488  Yes (*)     /usr/lib64/nvidia/libEGL.so.1
0x00007f10f9b28e60  0x00007f10f9b29a4e  Yes         /lib64/libdl.so.2
0x00007f10f98f54c0  0x00007f10f9917055  Yes         /lib64/libpng16.so.16
0x00007f10f96e8df0  0x00007f10f96e9903  Yes         /lib64/libxcb-shm.so.0
0x00007f10f94db610  0x00007f10f94dea8a  Yes         /lib64/libxcb-render.so.0
0x00007f10f92b9bd0  0x00007f10f92c82d5  Yes         /lib64/libxcb.so.1
0x00007f10f90a1b70  0x00007f10f90a7b35  Yes         /lib64/libXrender.so.1
0x00007f10f8e8a200  0x00007f10f8e96729  Yes         /lib64/libz.so.1
0x00007f10f8b8d9c0  0x00007f10f8bfbbe4  Yes (*)     /usr/lib64/nvidia/libGL.so.1
0x00007f10f8929870  0x00007f10f892e00c  Yes         /lib64/libffi.so.6
0x00007f10f8706300  0x00007f10f8718eeb  Yes         /lib64/libselinux.so.1
0x00007f10f84e3980  0x00007f10f84f2e31  Yes         /lib64/libresolv.so.2
0x00007f10f82d95f0  0x00007f10f82dac61  Yes         /lib64/libuuid.so.1
0x00007f10f80d1670  0x00007f10f80d2f96  Yes         /lib64/libcap.so.2
0x00007f10f7eab030  0x00007f10f7ec1712  Yes         /lib64/liblzma.so.5
0x00007f10f7bc8900  0x00007f10f7c6c848  Yes         /lib64/libgcrypt.so.20
0x00007f10f79aa740  0x00007f10f79b3149  Yes         /lib64/libgpg-error.so.0
0x00007f10f7769790  0x00007f10f7798bfd  Yes         /lib64/libdw.so.1
0x00007f1101268ad0  0x00007f1101283240  Yes         /lib64/ld-linux-x86-64.so.2
0x00007f10f753f880  0x00007f10f7550e18  Yes         /lib64/libatspi.so.0
0x00007f10f7303e00  0x00007f10f731c249  Yes         /lib64/libexpat.so.1
0x00007f10f70e2710  0x00007f10f70f65e8  Yes         /lib64/libgraphite2.so.3
0x00007f10f6ed1760  0x00007f10f6edd462  Yes         /lib64/libbz2.so.1
0x00007f10f6c43080  0x00007f10f6ca9bd8  Yes (*)     /usr/lib64/nvidia/libnvidia-glsi.so.346.72
0x00007f10f6a38ec0  0x00007f10f6a39bf9  Yes         /lib64/libXau.so.6
0x00007f10f68309b0  0x00007f10f68324b3  Yes (*)     /usr/lib64/nvidia/tls/libnvidia-tls.so.346.72
0x00007f10f463fa60  0x00007f10f5549368  Yes (*)     /usr/lib64/nvidia/libnvidia-glcore.so.346.72
0x00007f10f38e16f0  0x00007f10f3930436  Yes         /lib64/libpcre.so.1
0x00007f10f36d93d0  0x00007f10f36db4aa  Yes         /lib64/libattr.so.1
0x00007f10f34c2ae0  0x00007f10f34d0cdd  Yes         /lib64/libelf.so.1
0x00007f10ecbd3e50  0x00007f10ecbedfd6  Yes         /usr/lib64/gio/modules/libgvfsdbus.so
0x00007f10ec99b490  0x00007f10ec9b1d76  Yes         /usr/lib64/gvfs/libgvfscommon.so
0x00007f10ec7447d0  0x00007f10ec7712fe  Yes         /lib64/libbluray.so.1
0x00007f110136c770  0x00007f1101376425  Yes (*)     /lib64/libudev.so.1
0x00007f10ec538ea0  0x00007f10ec539745  Yes         /lib64/libutil.so.1
0x00007f10ec1fe4e0  0x00007f10ec2e0780  Yes         /lib64/libxml2.so.2
0x00007f10eb7c3be0  0x00007f10eb7c88fe  Yes         /usr/lib64/gio/modules/libdconfsettings.so
(*): Shared library is missing debugging information.
$1 = 0x0
$2 = 0x0
rax            0x0  0
rbx            0x2  2
rcx            0x7ffc71a89af0   140722215361264
rdx            0x1b1    433
rsi            0x0  0
rdi            0x7f10fdb5ab20   139710952745760
rbp            0x4  0x4
rsp            0x7ffc71a89d10   0x7ffc71a89d10
r8             0x0  0
r9             0x7f10fdb5ab78   139710952745848
r10            0x7f10fdb5ab78   139710952745848
r11            0x7f10fdb5ac08   139710952745992
r12            0x4  4
r13            0x0  0
r14            0x7f10fe948500   139710967350528
r15            0x2  2
rip            0x7f10fe948d3b   0x7f10fe948d3b <g_logv+683>
eflags         0x246    [ PF ZF IF ]
cs             0x33 51
ss             0x2b 43
ds             0x0  0
es             0x0  0
fs             0x0  0
gs             0x0  0
st0            0    (raw 0x00000000000000000000)
st1            0    (raw 0x00000000000000000000)
st2            0    (raw 0x00000000000000000000)
st3            0    (raw 0x00000000000000000000)
st4            0    (raw 0x00000000000000000000)
st5            0    (raw 0x00000000000000000000)
st6            0    (raw 0x00000000000000000000)
st7            0    (raw 0x00000000000000000000)
fctrl          0x37f    895
fstat          0x0  0
ftag           0xffff   65535
fiseg          0x0  0
fioff          0x0  0
foseg          0x0  0
fooff          0x0  0
fop            0x0  0
mxcsr          0x1fa0   [ PE IM DM ZM OM UM PM ]
ymm0           {v8_float = {0x0, 0x0, 0x0, 0x0, 0x0, 0x0, 0x0, 0x0}, v4_double = {0x8000000000000000, 0x8000000000000000, 0x0, 0x0}, v32_int8 = {0x0, 0x0, 0x0, 0x0, 0x0, 0xff, 0xff, 0xff, 0x0, 0x0, 0x0, 0x0, 0x0, 0x0, 0xff, 0xff, 0x0 <repeats 16 times>}, v16_int16 = {0x0, 0x0, 0xff00, 0xffff, 0x0, 0x0, 0x0, 0xffff, 0x0, 0x0, 0x0, 0x0, 0x0, 0x0, 0x0, 0x0}, v8_int32 = {0x0, 0xffffff00, 0x0, 0xffff0000, 0x0, 0x0, 0x0, 0x0}, v4_int64 = {0xffffff0000000000, 0xffff000000000000, 0x0, 0x0}, v2_int128 = {0xffff000000000000ffffff0000000000, 0x00000000000000000000000000000000}}
ymm1           {v8_float = {0x0, 0x0, 0x0, 0x0, 0x0, 0x0, 0x0, 0x0}, v4_double = {0x0, 0x0, 0x0, 0x0}, v32_int8 = {0x20, 0x3a, 0x1d, 0x1, 0x0, 0x0, 0x0, 0x0, 0x33, 0x0 <repeats 23 times>}, v16_int16 = {0x3a20, 0x11d, 0x0, 0x0, 0x33, 0x0 <repeats 11 times>}, v8_int32 = {0x11d3a20, 0x0, 0x33, 0x0, 0x0, 0x0, 0x0, 0x0}, v4_int64 = {0x11d3a20, 0x33, 0x0, 0x0}, v2_int128 = {0x000000000000003300000000011d3a20, 0x00000000000000000000000000000000}}
ymm2           {v8_float = {0x0, 0x0, 0x0, 0x0, 0x0, 0x0, 0x0, 0x0}, v4_double = {0x0, 0x0, 0x0, 0x0}, v32_int8 = {0x55, 0x54, 0x46, 0x2d, 0x38, 0x0, 0x0, 0x0, 0x0, 0x0, 0x0, 0x0, 0x1, 0x0 <repeats 19 times>}, v16_int16 = {0x5455, 0x2d46, 0x38, 0x0, 0x0, 0x0, 0x1, 0x0, 0x0, 0x0, 0x0, 0x0, 0x0, 0x0, 0x0, 0x0}, v8_int32 = {0x2d465455, 0x38, 0x0, 0x1, 0x0, 0x0, 0x0, 0x0}, v4_int64 = {0x382d465455, 0x100000000, 0x0, 0x0}, v2_int128 = {0x0000000100000000000000382d465455, 0x00000000000000000000000000000000}}
ymm3           {v8_float = {0x0, 0x0, 0x0, 0x0, 0x0, 0x0, 0x0, 0x0}, v4_double = {0x0, 0x0, 0x0, 0x0}, v32_int8 = {0x0 <repeats 32 times>}, v16_int16 = {0x0 <repeats 16 times>}, v8_int32 = {0x0, 0x0, 0x0, 0x0, 0x0, 0x0, 0x0, 0x0}, v4_int64 = {0x0, 0x0, 0x0, 0x0}, v2_int128 = {0x00000000000000000000000000000000, 0x00000000000000000000000000000000}}
ymm4           {v8_float = {0x0, 0x0, 0x0, 0x0, 0x0, 0x0, 0x0, 0x0}, v4_double = {0x0, 0x0, 0x0, 0x0}, v32_int8 = {0x0, 0x0, 0x0, 0xff, 0x0, 0x0, 0xff, 0x0 <repeats 25 times>}, v16_int16 = {0x0, 0xff00, 0x0, 0xff, 0x0 <repeats 12 times>}, v8_int32 = {0xff000000, 0xff0000, 0x0, 0x0, 0x0, 0x0, 0x0, 0x0}, v4_int64 = {0xff0000ff000000, 0x0, 0x0, 0x0}, v2_int128 = {0x000000000000000000ff0000ff000000, 0x00000000000000000000000000000000}}
ymm5           {v8_float = {0x0, 0x0, 0x0, 0x0, 0x0, 0x0, 0x0, 0x0}, v4_double = {0x0, 0x8000000000000000, 0x0, 0x0}, v32_int8 = {0x0 <repeats 12 times>, 0xff, 0xff, 0xff, 0xff, 0x0 <repeats 16 times>}, v16_int16 = {0x0, 0x0, 0x0, 0x0, 0x0, 0x0, 0xffff, 0xffff, 0x0, 0x0, 0x0, 0x0, 0x0, 0x0, 0x0, 0x0}, v8_int32 = {0x0, 0x0, 0x0, 0xffffffff, 0x0, 0x0, 0x0, 0x0}, v4_int64 = {0x0, 0xffffffff00000000, 0x0, 0x0}, v2_int128 = {0xffffffff000000000000000000000000, 0x00000000000000000000000000000000}}
ymm6           {v8_float = {0x0, 0x0, 0x0, 0x0, 0x0, 0x0, 0x0, 0x0}, v4_double = {0x0, 0x0, 0x0, 0x0}, v32_int8 = {0x0 <repeats 32 times>}, v16_int16 = {0x0 <repeats 16 times>}, v8_int32 = {0x0, 0x0, 0x0, 0x0, 0x0, 0x0, 0x0, 0x0}, v4_int64 = {0x0, 0x0, 0x0, 0x0}, v2_int128 = {0x00000000000000000000000000000000, 0x00000000000000000000000000000000}}
ymm7           {v8_float = {0x0, 0x0, 0x0, 0x0, 0x0, 0x0, 0x0, 0x0}, v4_double = {0x0, 0x0, 0x0, 0x0}, v32_int8 = {0x0 <repeats 12 times>, 0x11, 0x0, 0x27, 0x9, 0x0 <repeats 16 times>}, v16_int16 = {0x0, 0x0, 0x0, 0x0, 0x0, 0x0, 0x11, 0x927, 0x0, 0x0, 0x0, 0x0, 0x0, 0x0, 0x0, 0x0}, v8_int32 = {0x0, 0x0, 0x0, 0x9270011, 0x0, 0x0, 0x0, 0x0}, v4_int64 = {0x0, 0x927001100000000, 0x0, 0x0}, v2_int128 = {0x09270011000000000000000000000000, 0x00000000000000000000000000000000}}
ymm8           {v8_float = {0x0, 0x0, 0x0, 0x0, 0x0, 0x0, 0x0, 0x0}, v4_double = {0x0, 0x0, 0x0, 0x0}, v32_int8 = {0x0 <repeats 11 times>, 0xff, 0x0 <repeats 20 times>}, v16_int16 = {0x0, 0x0, 0x0, 0x0, 0x0, 0xff00, 0x0, 0x0, 0x0, 0x0, 0x0, 0x0, 0x0, 0x0, 0x0, 0x0}, v8_int32 = {0x0, 0x0, 0xff000000, 0x0, 0x0, 0x0, 0x0, 0x0}, v4_int64 = {0x0, 0xff000000, 0x0, 0x0}, v2_int128 = {0x00000000ff0000000000000000000000, 0x00000000000000000000000000000000}}
ymm9           {v8_float = {0x0, 0x0, 0x0, 0x0, 0x0, 0x0, 0x0, 0x0}, v4_double = {0x0, 0x0, 0x0, 0x0}, v32_int8 = {0x0 <repeats 32 times>}, v16_int16 = {0x0 <repeats 16 times>}, v8_int32 = {0x0, 0x0, 0x0, 0x0, 0x0, 0x0, 0x0, 0x0}, v4_int64 = {0x0, 0x0, 0x0, 0x0}, v2_int128 = {0x00000000000000000000000000000000, 0x00000000000000000000000000000000}}
ymm10          {v8_float = {0x0, 0x0, 0x0, 0x0, 0x0, 0x0, 0x0, 0x0}, v4_double = {0x0, 0x0, 0x0, 0x0}, v32_int8 = {0x0 <repeats 32 times>}, v16_int16 = {0x0 <repeats 16 times>}, v8_int32 = {0x0, 0x0, 0x0, 0x0, 0x0, 0x0, 0x0, 0x0}, v4_int64 = {0x0, 0x0, 0x0, 0x0}, v2_int128 = {0x00000000000000000000000000000000, 0x00000000000000000000000000000000}}
ymm11          {v8_float = {0x0, 0x0, 0x0, 0x0, 0x0, 0x0, 0x0, 0x0}, v4_double = {0x0, 0x0, 0x0, 0x0}, v32_int8 = {0x0 <repeats 32 times>}, v16_int16 = {0x0 <repeats 16 times>}, v8_int32 = {0x0, 0x0, 0x0, 0x0, 0x0, 0x0, 0x0, 0x0}, v4_int64 = {0x0, 0x0, 0x0, 0x0}, v2_int128 = {0x00000000000000000000000000000000, 0x00000000000000000000000000000000}}
ymm12          {v8_float = {0x0, 0x0, 0x0, 0x0, 0x0, 0x0, 0x0, 0x0}, v4_double = {0x0, 0x0, 0x0, 0x0}, v32_int8 = {0x0 <repeats 32 times>}, v16_int16 = {0x0 <repeats 16 times>}, v8_int32 = {0x0, 0x0, 0x0, 0x0, 0x0, 0x0, 0x0, 0x0}, v4_int64 = {0x0, 0x0, 0x0, 0x0}, v2_int128 = {0x00000000000000000000000000000000, 0x00000000000000000000000000000000}}
ymm13          {v8_float = {0xf9999998, 0x1, 0x0, 0x0, 0x0, 0x0, 0x0, 0x0}, v4_double = {0x1, 0x0, 0x0, 0x0}, v32_int8 = {0xcd, 0xcc, 0xcc, 0xcc, 0xcc, 0xcc, 0xf4, 0x3f, 0x0 <repeats 24 times>}, v16_int16 = {0xcccd, 0xcccc, 0xcccc, 0x3ff4, 0x0 <repeats 12 times>}, v8_int32 = {0xcccccccd, 0x3ff4cccc, 0x0, 0x0, 0x0, 0x0, 0x0, 0x0}, v4_int64 = {0x3ff4cccccccccccd, 0x0, 0x0, 0x0}, v2_int128 = {0x00000000000000003ff4cccccccccccd, 0x00000000000000000000000000000000}}
ymm14          {v8_float = {0x0, 0x0, 0x0, 0x0, 0x0, 0x0, 0x0, 0x0}, v4_double = {0x0, 0x0, 0x0, 0x0}, v32_int8 = {0x0 <repeats 32 times>}, v16_int16 = {0x0 <repeats 16 times>}, v8_int32 = {0x0, 0x0, 0x0, 0x0, 0x0, 0x0, 0x0, 0x0}, v4_int64 = {0x0, 0x0, 0x0, 0x0}, v2_int128 = {0x00000000000000000000000000000000, 0x00000000000000000000000000000000}}
ymm15          {v8_float = {0x0, 0x0, 0x0, 0x0, 0x0, 0x0, 0x0, 0x0}, v4_double = {0x0, 0x0, 0x0, 0x0}, v32_int8 = {0x0 <repeats 32 times>}, v16_int16 = {0x0 <repeats 16 times>}, v8_int32 = {0x0, 0x0, 0x0, 0x0, 0x0, 0x0, 0x0, 0x0}, v4_int64 = {0x0, 0x0, 0x0, 0x0}, v2_int128 = {0x00000000000000000000000000000000, 0x00000000000000000000000000000000}}
Dump of assembler code for function g_logv:
   0x00007f10fe948a90 <+0>: push   %r15
   0x00007f10fe948a92 <+2>: push   %r14
   0x00007f10fe948a94 <+4>: push   %r13
   0x00007f10fe948a96 <+6>: push   %r12
   0x00007f10fe948a98 <+8>: mov    %esi,%r12d
   0x00007f10fe948a9b <+11>:    push   %rbp
   0x00007f10fe948a9c <+12>:    push   %rbx
   0x00007f10fe948a9d <+13>:    sub    $0x88,%rsp
   0x00007f10fe948aa4 <+20>:    mov    %fs:0x28,%rax
   0x00007f10fe948aad <+29>:    mov    %rax,0x78(%rsp)
   0x00007f10fe948ab2 <+34>:    xor    %eax,%eax
   0x00007f10fe948ab4 <+36>:    and    $0xfffffffc,%r12d
   0x00007f10fe948ab8 <+40>:    mov    %rdi,0x8(%rsp)
   0x00007f10fe948abd <+45>:    jne    0x7f10fe948ae5 <g_logv+85>
   0x00007f10fe948abf <+47>:    mov    0x78(%rsp),%rax
   0x00007f10fe948ac4 <+52>:    xor    %fs:0x28,%rax
   0x00007f10fe948acd <+61>:    jne    0x7f10fe948e0d <g_logv+893>
   0x00007f10fe948ad3 <+67>:    add    $0x88,%rsp
   0x00007f10fe948ada <+74>:    pop    %rbx
   0x00007f10fe948adb <+75>:    pop    %rbp
   0x00007f10fe948adc <+76>:    pop    %r12
   0x00007f10fe948ade <+78>:    pop    %r13
   0x00007f10fe948ae0 <+80>:    pop    %r14
   0x00007f10fe948ae2 <+82>:    pop    %r15
   0x00007f10fe948ae4 <+84>:    retq   
   0x00007f10fe948ae5 <+85>:    mov    %esi,%ebx
   0x00007f10fe948ae7 <+87>:    mov    %rdx,%rdi
   0x00007f10fe948aea <+90>:    mov    %rcx,%rsi
   0x00007f10fe948aed <+93>:    callq  0x7f10fe960a00 <g_strdup_vprintf>
   0x00007f10fe948af2 <+98>:    mov    %rax,(%rsp)
   0x00007f10fe948af6 <+102>:   mov    0x2e86ab(%rip),%rax        # 0x7f10fec311a8 <expected_messages>
   0x00007f10fe948afd <+109>:   test   %rax,%rax
   0x00007f10fe948b00 <+112>:   je     0x7f10fe948b30 <g_logv+160>
   0x00007f10fe948b02 <+114>:   mov    (%rax),%rbp
   0x00007f10fe948b05 <+117>:   mov    0x8(%rsp),%rsi
   0x00007f10fe948b0a <+122>:   mov    0x0(%rbp),%rdi
   0x00007f10fe948b0e <+126>:   callq  0x7f10fe9648e0 <g_strcmp0>
   0x00007f10fe948b13 <+131>:   test   %eax,%eax
   0x00007f10fe948b15 <+133>:   jne    0x7f10fe948b27 <g_logv+151>
   0x00007f10fe948b17 <+135>:   mov    0x8(%rbp),%eax
   0x00007f10fe948b1a <+138>:   mov    %r12d,%edx
   0x00007f10fe948b1d <+141>:   and    %eax,%edx
   0x00007f10fe948b1f <+143>:   cmp    %edx,%eax
   0x00007f10fe948b21 <+145>:   je     0x7f10fe948dab <g_logv+795>
   0x00007f10fe948b27 <+151>:   test   $0x80,%bl
   0x00007f10fe948b2a <+154>:   je     0x7f10fe948d4a <g_logv+698>
   0x00007f10fe948b30 <+160>:   movslq %r12d,%rbp
   0x00007f10fe948b33 <+163>:   mov    $0x40,%r15d
   0x00007f10fe948b39 <+169>:   jmp    0x7f10fe948b49 <g_logv+185>
   0x00007f10fe948b3b <+171>:   nopl   0x0(%rax,%rax,1)
   0x00007f10fe948b40 <+176>:   test   %r15d,%r15d
   0x00007f10fe948b43 <+179>:   je     0x7f10fe948cc3 <g_logv+563>
   0x00007f10fe948b49 <+185>:   sub    $0x1,%r15d
   0x00007f10fe948b4d <+189>:   bt     %r15,%rbp
   0x00007f10fe948b51 <+193>:   jae    0x7f10fe948b40 <g_logv+176>
   0x00007f10fe948b53 <+195>:   mov    0x8(%rsp),%rsi
   0x00007f10fe948b58 <+200>:   lea    0x9ebbf(%rip),%rax        # 0x7f10fe9e771e
   0x00007f10fe948b5f <+207>:   test   %rsi,%rsi
   0x00007f10fe948b62 <+210>:   cmovne %rsi,%rax
   0x00007f10fe948b66 <+214>:   mov    %rax,0x18(%rsp)
   0x00007f10fe948b6b <+219>:   mov    %ebx,%eax
   0x00007f10fe948b6d <+221>:   and    $0x1,%ebx
   0x00007f10fe948b70 <+224>:   and    $0x2,%eax
   0x00007f10fe948b73 <+227>:   mov    %ebx,0x2c(%rsp)
   0x00007f10fe948b77 <+231>:   mov    %eax,0x28(%rsp)
   0x00007f10fe948b7b <+235>:   nopl   0x0(%rax,%rax,1)
   0x00007f10fe948b80 <+240>:   mov    $0x1,%ebx
   0x00007f10fe948b85 <+245>:   mov    %r15d,%ecx
   0x00007f10fe948b88 <+248>:   shl    %cl,%ebx
   0x00007f10fe948b8a <+250>:   test   %ebx,%r12d
   0x00007f10fe948b8d <+253>:   je     0x7f10fe948ca6 <g_logv+534>
   0x00007f10fe948b93 <+259>:   lea    0x2e867e(%rip),%rdi        # 0x7f10fec31218 <g_messages_lock>
   0x00007f10fe948b9a <+266>:   or     0x28(%rsp),%ebx
   0x00007f10fe948b9e <+270>:   or     0x2c(%rsp),%ebx
   0x00007f10fe948ba2 <+274>:   callq  0x7f10fe986ec0 <g_mutex_lock>
   0x00007f10fe948ba7 <+279>:   lea    0x2e8632(%rip),%rdi        # 0x7f10fec311e0 <g_log_depth>
   0x00007f10fe948bae <+286>:   callq  0x7f10fe986aa0 <g_private_get>
   0x00007f10fe948bb3 <+291>:   mov    0x18(%rsp),%rdi
   0x00007f10fe948bb8 <+296>:   mov    %rax,%r13
   0x00007f10fe948bbb <+299>:   callq  0x7f10fe947dc0 <g_log_find_domain_L>
   0x00007f10fe948bc0 <+304>:   mov    %ebx,%edx
   0x00007f10fe948bc2 <+306>:   lea    0x1(%r13),%edi
   0x00007f10fe948bc6 <+310>:   or     $0x1,%edx
   0x00007f10fe948bc9 <+313>:   test   %r13d,%r13d
   0x00007f10fe948bcc <+316>:   cmovne %edx,%ebx
   0x00007f10fe948bcf <+319>:   test   %rax,%rax
   0x00007f10fe948bd2 <+322>:   mov    %edi,0x20(%rsp)
   0x00007f10fe948bd6 <+326>:   je     0x7f10fe948d40 <g_logv+688>
   0x00007f10fe948bdc <+332>:   mov    0x8(%rax),%edx
   0x00007f10fe948bdf <+335>:   lea    0x2e7c26(%rip),%rcx        # 0x7f10fec3080c <g_log_always_fatal>
   0x00007f10fe948be6 <+342>:   lea    -0xa8d(%rip),%r14        # 0x7f10fe948160 <_g_log_fallback_handler>
   0x00007f10fe948bed <+349>:   or     (%rcx),%edx
   0x00007f10fe948bef <+351>:   mov    %ebx,%ecx
   0x00007f10fe948bf1 <+353>:   or     $0x2,%ecx
   0x00007f10fe948bf4 <+356>:   test   %ebx,%edx
   0x00007f10fe948bf6 <+358>:   cmovne %ecx,%ebx
   0x00007f10fe948bf9 <+361>:   xor    %ecx,%ecx
   0x00007f10fe948bfb <+363>:   mov    %ebx,%esi
   0x00007f10fe948bfd <+365>:   and    $0x1,%esi
   0x00007f10fe948c00 <+368>:   mov    %esi,0x24(%rsp)
   0x00007f10fe948c04 <+372>:   jne    0x7f10fe948c50 <g_logv+448>
   0x00007f10fe948c06 <+374>:   test   %rax,%rax
   0x00007f10fe948c09 <+377>:   je     0x7f10fe948cd8 <g_logv+584>
   0x00007f10fe948c0f <+383>:   test   %ebx,%ebx
   0x00007f10fe948c11 <+385>:   je     0x7f10fe948cd8 <g_logv+584>
   0x00007f10fe948c17 <+391>:   mov    0x10(%rax),%rax
   0x00007f10fe948c1b <+395>:   test   %rax,%rax
   0x00007f10fe948c1e <+398>:   jne    0x7f10fe948c35 <g_logv+421>
   0x00007f10fe948c20 <+400>:   jmpq   0x7f10fe948cd8 <g_logv+584>
   0x00007f10fe948c25 <+405>:   nopl   (%rax)
   0x00007f10fe948c28 <+408>:   mov    0x18(%rax),%rax
   0x00007f10fe948c2c <+412>:   test   %rax,%rax
   0x00007f10fe948c2f <+415>:   je     0x7f10fe948cd8 <g_logv+584>
   0x00007f10fe948c35 <+421>:   mov    0x4(%rax),%edx
   0x00007f10fe948c38 <+424>:   and    %ebx,%edx
   0x00007f10fe948c3a <+426>:   cmp    %edx,%ebx
   0x00007f10fe948c3c <+428>:   jne    0x7f10fe948c28 <g_logv+408>
   0x00007f10fe948c3e <+430>:   mov    0x10(%rax),%rcx
   0x00007f10fe948c42 <+434>:   mov    0x8(%rax),%r14
   0x00007f10fe948c46 <+438>:   nopw   %cs:0x0(%rax,%rax,1)
   0x00007f10fe948c50 <+448>:   lea    0x2e85c1(%rip),%rdi        # 0x7f10fec31218 <g_messages_lock>
   0x00007f10fe948c57 <+455>:   mov    %rcx,0x10(%rsp)
   0x00007f10fe948c5c <+460>:   callq  0x7f10fe986ee0 <g_mutex_unlock>
   0x00007f10fe948c61 <+465>:   mov    0x20(%rsp),%esi
   0x00007f10fe948c65 <+469>:   lea    0x2e8574(%rip),%rdi        # 0x7f10fec311e0 <g_log_depth>
   0x00007f10fe948c6c <+476>:   callq  0x7f10fe986af0 <g_private_set>
   0x00007f10fe948c71 <+481>:   mov    0x10(%rsp),%rcx
   0x00007f10fe948c76 <+486>:   mov    (%rsp),%rdx
   0x00007f10fe948c7a <+490>:   mov    %ebx,%esi
   0x00007f10fe948c7c <+492>:   mov    0x8(%rsp),%rdi
   0x00007f10fe948c81 <+497>:   callq  *%r14
   0x00007f10fe948c84 <+500>:   mov    %ebx,%eax
   0x00007f10fe948c86 <+502>:   and    $0x6,%eax
   0x00007f10fe948c89 <+505>:   cmp    $0x2,%eax
   0x00007f10fe948c8c <+508>:   je     0x7f10fe948cf0 <g_logv+608>
   0x00007f10fe948c8e <+510>:   and    $0x2,%ebx
   0x00007f10fe948c91 <+513>:   jne    0x7f10fe948d21 <g_logv+657>
   0x00007f10fe948c97 <+519>:   lea    0x2e8542(%rip),%rdi        # 0x7f10fec311e0 <g_log_depth>
   0x00007f10fe948c9e <+526>:   mov    %r13d,%esi
   0x00007f10fe948ca1 <+529>:   callq  0x7f10fe986af0 <g_private_set>
   0x00007f10fe948ca6 <+534>:   test   %r15d,%r15d
   0x00007f10fe948ca9 <+537>:   jle    0x7f10fe948cc3 <g_logv+563>
   0x00007f10fe948cab <+539>:   nopl   0x0(%rax,%rax,1)
   0x00007f10fe948cb0 <+544>:   sub    $0x1,%r15d
   0x00007f10fe948cb4 <+548>:   bt     %r15,%rbp
   0x00007f10fe948cb8 <+552>:   jb     0x7f10fe948b80 <g_logv+240>
   0x00007f10fe948cbe <+558>:   test   %r15d,%r15d
   0x00007f10fe948cc1 <+561>:   jne    0x7f10fe948cb0 <g_logv+544>
   0x00007f10fe948cc3 <+563>:   mov    (%rsp),%rdi
   0x00007f10fe948cc7 <+567>:   callq  0x7f10fe947790 <g_free>
   0x00007f10fe948ccc <+572>:   jmpq   0x7f10fe948abf <g_logv+47>
   0x00007f10fe948cd1 <+577>:   nopl   0x0(%rax)
   0x00007f10fe948cd8 <+584>:   mov    0x2e84e1(%rip),%rcx        # 0x7f10fec311c0 <default_log_data>
   0x00007f10fe948cdf <+591>:   mov    0x2e7d8a(%rip),%r14        # 0x7f10fec30a70 <default_log_func>
   0x00007f10fe948ce6 <+598>:   jmpq   0x7f10fe948c50 <g_logv+448>
   0x00007f10fe948ceb <+603>:   nopl   0x0(%rax,%rax,1)
   0x00007f10fe948cf0 <+608>:   mov    0x2e84c1(%rip),%rax        # 0x7f10fec311b8 <fatal_log_func>
   0x00007f10fe948cf7 <+615>:   test   %rax,%rax
   0x00007f10fe948cfa <+618>:   je     0x7f10fe948c8e <g_logv+510>
   0x00007f10fe948cfc <+620>:   mov    0x2e84ad(%rip),%rcx        # 0x7f10fec311b0 <fatal_log_data>
   0x00007f10fe948d03 <+627>:   mov    (%rsp),%rdx
   0x00007f10fe948d07 <+631>:   mov    %ebx,%esi
   0x00007f10fe948d09 <+633>:   mov    0x8(%rsp),%rdi
   0x00007f10fe948d0e <+638>:   callq  *%rax
   0x00007f10fe948d10 <+640>:   test   %eax,%eax
   0x00007f10fe948d12 <+642>:   je     0x7f10fe948c97 <g_logv+519>
   0x00007f10fe948d18 <+648>:   and    $0x2,%ebx
   0x00007f10fe948d1b <+651>:   je     0x7f10fe948c97 <g_logv+519>
   0x00007f10fe948d21 <+657>:   callq  0x7f10fe965cc0 <g_test_subprocess>
   0x00007f10fe948d26 <+662>:   test   %eax,%eax
   0x00007f10fe948d28 <+664>:   jne    0x7f10fe948dfe <g_logv+878>
   0x00007f10fe948d2e <+670>:   mov    0x24(%rsp),%eax
   0x00007f10fe948d32 <+674>:   test   %eax,%eax
   0x00007f10fe948d34 <+676>:   jne    0x7f10fe948e08 <g_logv+888>
   0x00007f10fe948d3a <+682>:   int3   
=> 0x00007f10fe948d3b <+683>:   jmpq   0x7f10fe948c97 <g_logv+519>
   0x00007f10fe948d40 <+688>:   mov    $0x5,%edx
   0x00007f10fe948d45 <+693>:   jmpq   0x7f10fe948bdf <g_logv+335>
   0x00007f10fe948d4a <+698>:   mov    0x8(%rbp),%esi
   0x00007f10fe948d4d <+701>:   lea    0x30(%rsp),%r15
   0x00007f10fe948d52 <+706>:   mov    %r15,%rdi
   0x00007f10fe948d55 <+709>:   callq  0x7f10fe947f70 <mklevel_prefix>
   0x00007f10fe948d5a <+714>:   mov    0x0(%rbp),%rsi
   0x00007f10fe948d5e <+718>:   mov    0x10(%rbp),%rcx
   0x00007f10fe948d62 <+722>:   lea    0x6fbf1(%rip),%rax        # 0x7f10fe9b895a
   0x00007f10fe948d69 <+729>:   lea    0x6fcb8(%rip),%rdi        # 0x7f10fe9b8a28
   0x00007f10fe948d70 <+736>:   mov    %r15,%rdx
   0x00007f10fe948d73 <+739>:   test   %rsi,%rsi
   0x00007f10fe948d76 <+742>:   cmove  %rax,%rsi
   0x00007f10fe948d7a <+746>:   xor    %eax,%eax
   0x00007f10fe948d7c <+748>:   or     $0x2,%r12d
   0x00007f10fe948d80 <+752>:   callq  0x7f10fe960a50 <g_strdup_printf>
   0x00007f10fe948d85 <+757>:   lea    0x663a2(%rip),%rdi        # 0x7f10fe9af12e
   0x00007f10fe948d8c <+764>:   mov    %rax,%rbp
   0x00007f10fe948d8f <+767>:   xor    %ecx,%ecx
   0x00007f10fe948d91 <+769>:   mov    %rax,%rdx
   0x00007f10fe948d94 <+772>:   mov    $0x8,%esi
   0x00007f10fe948d99 <+777>:   callq  0x7f10fe948500 <g_log_default_handler>
   0x00007f10fe948d9e <+782>:   mov    %rbp,%rdi
   0x00007f10fe948da1 <+785>:   callq  0x7f10fe947790 <g_free>
   0x00007f10fe948da6 <+790>:   jmpq   0x7f10fe948b30 <g_logv+160>
   0x00007f10fe948dab <+795>:   mov    0x10(%rbp),%rdi
   0x00007f10fe948daf <+799>:   mov    (%rsp),%rsi
   0x00007f10fe948db3 <+803>:   callq  0x7f10fe951460 <g_pattern_match_simple>
   0x00007f10fe948db8 <+808>:   test   %eax,%eax
   0x00007f10fe948dba <+810>:   je     0x7f10fe948b27 <g_logv+151>
   0x00007f10fe948dc0 <+816>:   mov    0x2e83e1(%rip),%rdi        # 0x7f10fec311a8 <expected_messages>
   0x00007f10fe948dc7 <+823>:   mov    %rdi,%rsi
   0x00007f10fe948dca <+826>:   callq  0x7f10fe95ffd0 <g_slist_delete_link>
   0x00007f10fe948dcf <+831>:   mov    0x0(%rbp),%rdi
   0x00007f10fe948dd3 <+835>:   mov    %rax,0x2e83ce(%rip)        # 0x7f10fec311a8 <expected_messages>
   0x00007f10fe948dda <+842>:   callq  0x7f10fe947790 <g_free>
   0x00007f10fe948ddf <+847>:   mov    0x10(%rbp),%rdi
   0x00007f10fe948de3 <+851>:   callq  0x7f10fe947790 <g_free>
   0x00007f10fe948de8 <+856>:   mov    %rbp,%rdi
   0x00007f10fe948deb <+859>:   callq  0x7f10fe947790 <g_free>
   0x00007f10fe948df0 <+864>:   mov    (%rsp),%rdi
   0x00007f10fe948df4 <+868>:   callq  0x7f10fe947790 <g_free>
   0x00007f10fe948df9 <+873>:   jmpq   0x7f10fe948abf <g_logv+47>
   0x00007f10fe948dfe <+878>:   mov    $0x1,%edi
   0x00007f10fe948e03 <+883>:   callq  0x7f10fe911c10 <_exit@plt>
   0x00007f10fe948e08 <+888>:   callq  0x7f10fe911ba0 <abort@plt>
   0x00007f10fe948e0d <+893>:   callq  0x7f10fe911e20 <__stack_chk_fail@plt>
End of assembler dump.
```

**Comment by leigh123linux** [comment]
```
$ cinnamon-settings screensaver
Python module
/usr/lib/cinnamon-settings/cinnamon-settings.py:178: Warning: The property GtkEntry:primary-icon-stock is deprecated and shouldn't be used anymore. It will be removed in a future version.
  self.builder.add_from_file("/usr/lib/cinnamon-settings/cinnamon-settings.ui")
/usr/lib/cinnamon-settings/cinnamon-settings.py:178: Warning: The property GtkEntry:secondary-icon-stock is deprecated and shouldn't be used anymore. It will be removed in a future version.
  self.builder.add_from_file("/usr/lib/cinnamon-settings/cinnamon-settings.ui")
/usr/lib64/python2.7/site-packages/gi/overrides/__init__.py:306: Warning: The property GSettings:schema is deprecated and shouldn't be used anymore. It will be removed in a future version.
  return super_init_func(self, **new_kwargs)
Could not find bluetooth module; is the cinnamon-control-center package installed?
/usr/lib/cinnamon-settings/cinnamon-settings.py:423: Warning: The property GtkCellRendererPixbuf:follow-state is deprecated and shouldn't be used anymore. It will be removed in a future version.
  pixbuf_renderer.set_property("follow-state", True)
Loading Screensaver module
__init__ took 564.838 ms
/usr/lib64/python2.7/site-packages/gi/overrides/__init__.py:306: Warning: The property GSettings:schema is deprecated and shouldn't be used anymore. It will be removed in a future version.
  return super_init_func(self, **new_kwargs)

X error in abstractile:
X Error of failed request:  BadDrawable (invalid Pixmap or Window parameter)
  Major opcode of failed request:  70 (X_PolyFillRectangle)
  Resource id in failed request:  0x5a00008
  Serial number of failed request:  99625
  Current serial number in output stream:  99626

X error in anemone:
X Error of failed request:  BadDrawable (invalid Pixmap or Window parameter)
  Major opcode of failed request:  70 (X_PolyFillRectangle)
  Resource id in failed request:  0x5a0000b
  Serial number of failed request:  32112
  Current serial number in output stream:  32544

X error in anemotaxis:
X Error of failed request:  BadWindow (invalid Window parameter)
  Major opcode of failed request:  3 (X_GetWindowAttributes)
  Resource id in failed request:  0x5600008
  Serial number of failed request:  3927
  Current serial number in output stream:  3928

X error in antinspect:
X Error of failed request:  GLXBadDrawable
  Major opcode of failed request:  153 (GLX)
  Minor opcode of failed request:  11 (X_GLXSwapBuffers)
  Serial number of failed request:  573
  Current serial number in output stream:  574

X error in antmaze:
X Error of failed request:  GLXBadDrawable
  Major opcode of failed request:  153 (GLX)
  Minor opcode of failed request:  11 (X_GLXSwapBuffers)
  Serial number of failed request:  446
  Current serial number in output stream:  447

X error in antspotlight:
X Error of failed request:  GLXBadDrawable
  Major opcode of failed request:  153 (GLX)
  Minor opcode of failed request:  11 (X_GLXSwapBuffers)
  Serial number of failed request:  626
  Current serial number in output stream:  627

X error in apollonian:
X Error of failed request:  BadDrawable (invalid Pixmap or Window parameter)
  Major opcode of failed request:  71 (X_PolyFillArc)
  Resource id in failed request:  0x5800008
  Serial number of failed request:  1461
  Current serial number in output stream:  2474

X error in apple2:
X Error of failed request:  BadDrawable (invalid Pixmap or Window parameter)
  Major opcode of failed request:  130 (MIT-SHM)
  Minor opcode of failed request:  3 (X_ShmPutImage)
  Resource id in failed request:  0x5a00008
  Serial number of failed request:  648
  Current serial number in output stream:  649

X error in atlantis:
X Error of failed request:  GLXBadDrawable
  Major opcode of failed request:  153 (GLX)
  Minor opcode of failed request:  11 (X_GLXSwapBuffers)
  Serial number of failed request:  483
  Current serial number in output stream:  484

X error in abstractile:
X Error of failed request:  BadDrawable (invalid Pixmap or Window parameter)
  Major opcode of failed request:  70 (X_PolyFillRectangle)
  Resource id in failed request:  0x5800008
  Serial number of failed request:  41090
  Current serial number in output stream:  41611

X error in abstractile:
X Error of failed request:  BadDrawable (invalid Pixmap or Window parameter)
  Major opcode of failed request:  70 (X_PolyFillRectangle)
  Resource id in failed request:  0x5a00008
  Serial number of failed request:  109537
  Current serial number in output stream:  109538

X error in anemone:
X Error of failed request:  BadDrawable (invalid Pixmap or Window parameter)
  Major opcode of failed request:  70 (X_PolyFillRectangle)
  Resource id in failed request:  0x580000b
  Serial number of failed request:  33174
  Current serial number in output stream:  33593

X error in attraction:
X Error of failed request:  BadDrawable (invalid Pixmap or Window parameter)
  Major opcode of failed request:  71 (X_PolyFillArc)
  Resource id in failed request:  0x5600008
  Serial number of failed request:  18366
  Current serial number in output stream:  18381

```

**Comment by leigh123linux** [comment]
With just the normal screen locker I get these in xsession-errors

```
(cinnamon-screensaver:1989): GLib-CRITICAL **: Source ID 86097 was not found when attempting to remove it

(cinnamon-screensaver:1989): GLib-GObject-WARNING **: invalid unclassed pointer in cast to 'GtkStack'

(cinnamon-screensaver:1989): Gtk-CRITICAL **: gtk_stack_set_visible_child_full: assertion 'GTK_IS_STACK (stack)' failed
```

**Comment by leigh123linux** [comment]
I think the issue happened without xscreensaver

```
warning: core file may not match specified executable file.
[New LWP 28780]
[New LWP 28782]
[New LWP 28783]
[New LWP 28781]
[Thread debugging using libthread_db enabled]
Using host libthread_db library "/lib64/libthread_db.so.1".
Core was generated by `cinnamon-screensaver'.
Program terminated with signal SIGTRAP, Trace/breakpoint trap.
#0  0x00007f3565640d3b in _g_log_abort (breakpoint=1) at gmessages.c:315
315	gmessages.c: No such file or directory.

Thread 4 (Thread 0x7f3552ec7700 (LWP 28781)):
#0  0x00007f356458e66d in poll () at ../sysdeps/unix/syscall-template.S:81
#1  0x00007f3565639dbc in g_main_context_iterate (priority=2147483647, n_fds=2, fds=0x7f354c0010e0, timeout=<optimized out>, context=0x1d661b0) at gmain.c:4103
        poll_func = 0x7f3565649500 <g_poll>
        max_priority = 2147483647
        timeout = -1
        some_ready = <optimized out>
        nfds = 2
        allocated_nfds = 2
        fds = 0x7f354c0010e0
#2  0x00007f3565639dbc in g_main_context_iterate (context=0x1d661b0, block=block@entry=1, dispatch=dispatch@entry=1, self=<optimized out>) at gmain.c:3803
        max_priority = 2147483647
        timeout = -1
        some_ready = <optimized out>
        nfds = 2
        allocated_nfds = 2
        fds = 0x7f354c0010e0
#3  0x00007f356563a142 in g_main_loop_run (loop=0x1d692c0) at gmain.c:4002
        __func__ = "g_main_loop_run"
#4  0x00007f3565c67696 in gdbus_shared_thread_func (user_data=0x1d66180) at gdbusprivate.c:274
        data = 0x1d66180
#5  0x00007f35656610a5 in g_thread_proxy (data=0x1cf70a0) at gthread.c:764
        thread = <optimized out>
#6  0x00007f356427f555 in start_thread (arg=0x7f3552ec7700) at pthread_create.c:333
        __res = <optimized out>
        pd = 0x7f3552ec7700
        now = <optimized out>
        unwind_buf = {cancel_jmp_buf = {{jmp_buf = {139867001222912, -202288778768088968, 140730289752863, 139867001222912, 8388608, 0, 242058265318064248, 241957577561276536}, mask_was_saved = 0}}, priv = {pad = {0x0, 0x0, 0x0, 0x0}, data = {prev = 0x0, cleanup = 0x0, canceltype = 0}}}
        not_first_call = <optimized out>
        pagesize_m1 = <optimized out>
        sp = <optimized out>
        freesize = <optimized out>
#7  0x00007f3564599f3d in clone () at ../sysdeps/unix/sysv/linux/x86_64/clone.S:109

Thread 3 (Thread 0x7f3551c2f700 (LWP 28783)):
#0  0x00007f356458e66d in poll () at ../sysdeps/unix/syscall-template.S:81
#1  0x00007f3565639dbc in g_main_context_iterate (priority=2147483647, n_fds=2, fds=0x7f35480008c0, timeout=<optimized out>, context=0x1d5ac60) at gmain.c:4103
        poll_func = 0x7f3565649500 <g_poll>
        max_priority = 2147483647
        timeout = -1
        some_ready = <optimized out>
        nfds = 2
        allocated_nfds = 2
        fds = 0x7f35480008c0
#2  0x00007f3565639dbc in g_main_context_iterate (context=context@entry=0x1d5ac60, block=block@entry=1, dispatch=dispatch@entry=1, self=<optimized out>) at gmain.c:3803
        max_priority = 2147483647
        timeout = -1
        some_ready = <optimized out>
        nfds = 2
        allocated_nfds = 2
        fds = 0x7f35480008c0
#3  0x00007f3565639ecc in g_main_context_iteration (context=0x1d5ac60, may_block=may_block@entry=1) at gmain.c:3869
        retval = <optimized out>
#4  0x00007f3565639f09 in glib_worker_main (data=<optimized out>) at gmain.c:5618
#5  0x00007f35656610a5 in g_thread_proxy (data=0x7f3544002590) at gthread.c:764
        thread = <optimized out>
#6  0x00007f356427f555 in start_thread (arg=0x7f3551c2f700) at pthread_create.c:333
        __res = <optimized out>
        pd = 0x7f3551c2f700
        now = <optimized out>
        unwind_buf = {cancel_jmp_buf = {{jmp_buf = {139866981725952, -202288778768088968, 140730289754511, 139866981725952, 8388608, 0, 242051887291629688, 241957577561276536}, mask_was_saved = 0}}, priv = {pad = {0x0, 0x0, 0x0, 0x0}, data = {prev = 0x0, cleanup = 0x0, canceltype = 0}}}
        not_first_call = <optimized out>
        pagesize_m1 = <optimized out>
        sp = <optimized out>
        freesize = <optimized out>
#7  0x00007f3564599f3d in clone () at ../sysdeps/unix/sysv/linux/x86_64/clone.S:109

Thread 2 (Thread 0x7f35524b7700 (LWP 28782)):
#0  0x00007f356458e66d in poll () at ../sysdeps/unix/syscall-template.S:81
#1  0x00007f3565639dbc in g_main_context_iterate (priority=2147483647, n_fds=1, fds=0x7f35440010e0, timeout=<optimized out>, context=0x1de7a70) at gmain.c:4103
        poll_func = 0x7f3565649500 <g_poll>
        max_priority = 2147483647
        timeout = -1
        some_ready = <optimized out>
        nfds = 1
        allocated_nfds = 1
        fds = 0x7f35440010e0
#2  0x00007f3565639dbc in g_main_context_iterate (context=context@entry=0x1de7a70, block=block@entry=1, dispatch=dispatch@entry=1, self=<optimized out>) at gmain.c:3803
        max_priority = 2147483647
        timeout = -1
        some_ready = <optimized out>
        nfds = 1
        allocated_nfds = 1
        fds = 0x7f35440010e0
#3  0x00007f3565639ecc in g_main_context_iteration (context=context@entry=0x1de7a70, may_block=may_block@entry=1) at gmain.c:3869
        retval = <optimized out>
#4  0x00007f35524bf2ad in dconf_gdbus_worker_thread (user_data=0x1de7a70) at dconf-gdbus-thread.c:82
        context = 0x1de7a70
#5  0x00007f35656610a5 in g_thread_proxy (data=0x1e14e30) at gthread.c:764
        thread = <optimized out>
#6  0x00007f356427f555 in start_thread (arg=0x7f35524b7700) at pthread_create.c:333
        __res = <optimized out>
        pd = 0x7f35524b7700
        now = <optimized out>
        unwind_buf = {cancel_jmp_buf = {{jmp_buf = {139866990671616, -202288778768088968, 140730289754847, 139866990671616, 8388608, 0, 242059665477402744, 241957577561276536}, mask_was_saved = 0}}, priv = {pad = {0x0, 0x0, 0x0, 0x0}, data = {prev = 0x0, cleanup = 0x0, canceltype = 0}}}
        not_first_call = <optimized out>
        pagesize_m1 = <optimized out>
        sp = <optimized out>
        freesize = <optimized out>
#7  0x00007f3564599f3d in clone () at ../sysdeps/unix/sysv/linux/x86_64/clone.S:109

Thread 1 (Thread 0x7f3568110a40 (LWP 28780)):
#0  0x00007f3565640d3b in g_logv (breakpoint=1) at gmessages.c:315
        domain = 0x0
        data = 0x0
        depth = 1
        log_func = 0x7f3565640500 <g_log_default_handler>
        domain_fatal_mask = <optimized out>
        masquerade_fatal = 0
        test_level = <optimized out>
        was_fatal = <optimized out>
        was_recursion = <optimized out>
        msg = 0x20e72b0 "The program 'cinnamon-screensaver' received an X Window System error.\nThis probably reflects a bug in the program.\nThe error was 'BadWindow (invalid Window parameter)'.\n  (Details: serial 332238 error"...
        msg_alloc = 0x20e72b0 "The program 'cinnamon-screensaver' received an X Window System error.\nThis probably reflects a bug in the program.\nThe error was 'BadWindow (invalid Window parameter)'.\n  (Details: serial 332238 error"...
        i = 2
#1  0x00007f3565640d3b in g_logv (log_domain=0x7f3566d7876e "Gdk", log_level=G_LOG_LEVEL_ERROR, format=<optimized out>, args=args@entry=0x7ffe52ee1210) at gmessages.c:1041
        domain = 0x0
        data = 0x0
        depth = 1
        log_func = 0x7f3565640500 <g_log_default_handler>
        domain_fatal_mask = <optimized out>
        masquerade_fatal = 0
        test_level = <optimized out>
        was_fatal = <optimized out>
        was_recursion = <optimized out>
        msg = 0x20e72b0 "The program 'cinnamon-screensaver' received an X Window System error.\nThis probably reflects a bug in the program.\nThe error was 'BadWindow (invalid Window parameter)'.\n  (Details: serial 332238 error"...
        msg_alloc = 0x20e72b0 "The program 'cinnamon-screensaver' received an X Window System error.\nThis probably reflects a bug in the program.\nThe error was 'BadWindow (invalid Window parameter)'.\n  (Details: serial 332238 error"...
        i = 2
#2  0x00007f3565640eaf in g_log (log_domain=log_domain@entry=0x7f3566d7876e "Gdk", log_level=log_level@entry=G_LOG_LEVEL_ERROR, format=format@entry=0x7f3566d9500c "%s") at gmessages.c:1079
        args = {{gp_offset = 32, fp_offset = 48, overflow_arg_area = 0x7ffe52ee12f0, reg_save_area = 0x7ffe52ee1230}}
#3  0x00007f3566d48a7a in _gdk_x11_display_error_event (display=display@entry=0x1d1f000 [GdkX11Display], error=error@entry=0x7ffe52ee13c0) at gdkdisplay-x11.c:2552
        buf = "BadWindow (invalid Window parameter)", '\000' <repeats 27 times>
        msg = <optimized out>
        display_x11 = 0x1d1f000 [GdkX11Display]
        tmp_list = <optimized out>
        ignore = 0
#4  0x00007f3566d53ac9 in gdk_x_errPython Exception <class 'TypeError'> iter() returned non-iterator of type '_iterator': 
or (xdisplay=0x1d0b4d0, error=0x7ffe52ee13c0) at gdkmain-x11.c:303
        error_display = 0x1d1f000 [GdkX11Display]
        manager = <optimized out>
        displays = 0x1eb7c40
        error = 0x7ffe52ee13c0
        xdisplay = 0x1d0b4d0
#5  0x00007f3564cad3fd in _XError (dpy=dpy@entry=0x1d0b4d0, rep=rep@entry=0x20e66e0) at XlibInt.c:1429
        rtn_val = <optimized out>
        event = {type = 0, xany = {type = 0, serial = 30454992, send_event = 73400331, display = 0x511ce, window = 2654979}, xkey = {type = 0, serial = 30454992, send_event = 73400331, display = 0x511ce, window = 2654979, root = 34434624, subwindow = 30577440, time = 33121096, x = 30454992, y = 0, x_root = 34498272, y_root = 0, state = 0, keycode = 0, same_screen = 0}, xbutton = {type = 0, serial = 30454992, send_event = 73400331, display = 0x511ce, window = 2654979, root = 34434624, subwindow = 30577440, time = 33121096, x = 30454992, y = 0, x_root = 34498272, y_root = 0, state = 0, button = 0, same_screen = 0}, xmotion = {type = 0, serial = 30454992, send_event = 73400331, display = 0x511ce, window = 2654979, root = 34434624, subwindow = 30577440, time = 33121096, x = 30454992, y = 0, x_root = 34498272, y_root = 0, state = 0, is_hint = 0 '\000', same_screen = 0}, xcrossing = {type = 0, serial = 30454992, send_event = 73400331, display = 0x511ce, window = 2654979, root = 34434624, subwindow = 30577440, time = 33121096, x = 30454992, y = 0, x_root = 34498272, y_root = 0, mode = 0, detail = 0, same_screen = 0, focus = 0, state = 30495800}, xfocus = {type = 0, serial = 30454992, send_event = 73400331, display = 0x511ce, window = 2654979, mode = 34434624, detail = 0}, xexpose = {type = 0, serial = 30454992, send_event = 73400331, display = 0x511ce, window = 2654979, x = 34434624, y = 0, width = 30577440, height = 0, count = 33121096}, xgraphicsexpose = {type = 0, serial = 30454992, send_event = 73400331, display = 0x511ce, drawable = 2654979, x = 34434624, y = 0, width = 30577440, height = 0, count = 33121096, major_code = 0, minor_code = 30454992}, xnoexpose = {type = 0, serial = 30454992, send_event = 73400331, display = 0x511ce, drawable = 2654979, major_code = 34434624, minor_code = 0}, xvisibility = {type = 0, serial = 30454992, send_event = 73400331, display = 0x511ce, window = 2654979, state = 34434624}, xcreatewindow = {type = 0, serial = 30454992, send_event = 73400331, display = 0x511ce, parent = 2654979, window = 34434624, x = 30577440, y = 0, width = 33121096, height = 0, border_width = 30454992, override_redirect = 0}, xdestroywindow = {type = 0, serial = 30454992, send_event = 73400331, display = 0x511ce, event = 2654979, window = 34434624}, xunmap = {type = 0, serial = 30454992, send_event = 73400331, display = 0x511ce, event = 2654979, window = 34434624, from_configure = 30577440}, xmap = {type = 0, serial = 30454992, send_event = 73400331, display = 0x511ce, event = 2654979, window = 34434624, override_redirect = 30577440}, xmaprequest = {type = 0, serial = 30454992, send_event = 73400331, display = 0x511ce, parent = 2654979, window = 34434624}, xreparent = {type = 0, serial = 30454992, send_event = 73400331, display = 0x511ce, event = 2654979, window = 34434624, parent = 30577440, x = 33121096, y = 0, override_redirect = 30454992}, xconfigure = {type = 0, serial = 30454992, send_event = 73400331, display = 0x511ce, event = 2654979, window = 34434624, x = 30577440, y = 0, width = 33121096, height = 0, border_width = 30454992, above = 34498272, override_redirect = 0}, xgravity = {type = 0, serial = 30454992, send_event = 73400331, display = 0x511ce, event = 2654979, window = 34434624, x = 30577440, y = 0}, xresizerequest = {type = 0, serial = 30454992, send_event = 73400331, display = 0x511ce, window = 2654979, width = 34434624, height = 0}, xconfigurerequest = {type = 0, serial = 30454992, send_event = 73400331, display = 0x511ce, parent = 2654979, window = 34434624, x = 30577440, y = 0, width = 33121096, height = 0, border_width = 30454992, above = 34498272, detail = 0, value_mask = 0}, xcirculate = {type = 0, serial = 30454992, send_event = 73400331, display = 0x511ce, event = 2654979, window = 34434624, place = 30577440}, xcirculaterequest = {type = 0, serial = 30454992, send_event = 73400331, display = 0x511ce, parent = 2654979, window = 34434624, place = 30577440}, xproperty = {type = 0, serial = 30454992, send_event = 73400331, display = 0x511ce, window = 2654979, atom = 34434624, time = 30577440, state = 33121096}, xselectionclear = {type = 0, serial = 30454992, send_event = 73400331, display = 0x511ce, window = 2654979, selection = 34434624, time = 30577440}, xselectionrequest = {type = 0, serial = 30454992, send_event = 73400331, display = 0x511ce, owner = 2654979, requestor = 34434624, selection = 30577440, target = 33121096, property = 30454992, time = 34498272}, xselection = {type = 0, serial = 30454992, send_event = 73400331, display = 0x511ce, requestor = 2654979, selection = 34434624, target = 30577440, property = 33121096, time = 30454992}, xcolormap = {type = 0, serial = 30454992, send_event = 73400331, display = 0x511ce, window = 2654979, colormap = 34434624, new = 30577440, state = 0}, xclient = {type = 0, serial = 30454992, send_event = 73400331, display = 0x511ce, window = 2654979, message_type = 34434624, format = 30577440, data = {b = "Hc\371\001\000\000\000\000\320\264\320\001\000\000\000\000\340f\016\002", s = {25416, 505, 0, 0, -19248, 464, 0, 0, 26336, 526}, l = {33121096, 30454992, 34498272, 0, 0}}}, xmapping = {type = 0, serial = 30454992, send_event = 73400331, display = 0x511ce, window = 2654979, request = 34434624, first_keycode = 0, count = 30577440}, xerror = {type = 0, display = 0x1d0b4d0, resourceid = 73400331, serial = 332238, error_code = 3 '\003', request_code = 131 '\203', minor_code = 40 '('}, xkeymap = {type = 0, serial = 30454992, send_event = 73400331, display = 0x511ce, window = 2654979, key_vector = "@n\r\002\000\000\000\000 \223\322\001\000\000\000\000Hc\371\001\000\000\000\000\320\264\320\001\000\000\000"}, xgeneric = {type = 0, serial = 30454992, send_event = 73400331, display = 0x511ce, extension = 2654979, evtype = 0}, xcookie = {type = 0, serial = 30454992, send_event = 73400331, display = 0x511ce, extension = 2654979, evtype = 0, cookie = 34434624, data = 0x1d29320}, pad = {0, 30454992, 73400331, 332238, 2654979, 34434624, 30577440, 33121096, 30454992, 34498272, 0, 0, 30495800, 140730289755408, 30495776, 139867293073052, 1, -1, 0, 295439468674835200, 0, 30454992, 34470352, 34470352}}
        async = <optimized out>
        next = <optimized out>
#6  0x00007f3564caa287 in handle_error (dpy=dpy@entry=0x1d0b4d0, err=0x20e66e0, in_XReply=in_XReply@entry=1) at xcb_io.c:213
        ext = <optimized out>
        ret_code = 0
#7  0x00007f3564cab408 in _XReply (dpy=dpy@entry=0x1d0b4d0, rep=rep@entry=0x7ffe52ee15a0, extra=extra@entry=6, discard=discard@entry=0) at xcb_io.c:699
        ret_code = <optimized out>
        error = 0x20e66e0
        c = <optimized out>
        reply = 0x0
        current = 0x20df9d0
        __PRETTY_FUNCTION__ = "_XReply"
#8  0x00007f356330c597 in XIQueryPointer (dpy=0x1d0b4d0, deviceid=deviceid@entry=2, w=w@entry=73400331, root=root@entry=0x7ffe52ee16e0, child=child@entry=0x7ffe52ee16e8, root_x=root_x@entry=0x7ffe52ee16f0, root_y=0x7ffe52ee16f8, win_x=0x7ffe52ee1700, win_y=0x7ffe52ee1708, buttons=0x7ffe52ee1710, mods=0x7ffe52ee1720, group=0x7ffe52ee1730) at XIQueryPointer.c:74
        req = <optimized out>
        rep = {repType = 0 '\000', RepType = 3 '\003', sequenceNumber = 4558, length = 73400331, root = 8585256, child = 0, root_x = 0, root_y = 0, win_x = 0, win_y = 0, same_screen = 8 '\b', pad0 = 22 '\026', buttons_len = 21230, mods = {base_mods = 32766, latched_mods = 1739550851, locked_mods = 32565, effective_mods = 32558624}, group = {base_group = 0 '\000', latched_group = 0 '\000', locked_group = 0 '\000', effective_group = 0 '\000'}}
        info = 0x1d28520
#9  0x00007f3566d429ce in gdk_x11_device_xi2_query_state (device=0x1d23040 [GdkX11DeviceXI2], window=0x1f957e0 [GdkX11Window], root_window=0x0, child_window=0x7ffe52ee1820, root_x=0x0, root_y=0x0, win_x=0x7ffe52ee1848Python Exception <class 'TypeError'> iter() returned non-iterator of type '_iterator': 
Python Exception <class 'TypeError'> iter() returned non-iterator of type '_iterator': 
, win_y=0x7ffe52ee1850, mask=0x7ffe52ee1844) at gdkdevice-xi2.c:352
        impl = 0x20dc060 [GdkWindowImplX11]
        device_xi2 = 0x1d23040 [GdkX11DeviceXI2]
        display = 0x1d1f000 [GdkX11Display]
        default_screen = 0x1d240c0 [GdkX11Screen]
        xroot_window = 140730289756096
        xchild_window = 4294967297
        xroot_x = 6.953000149776738e-310
        xroot_y = 1.5060815036340784e-316
        xwin_x = 0
        xwin_y = 6.9103634918140063e-310
        button_state = {mask_len = 1391335600, mask = 0x4199ca1a6fe6300 <error: Cannot access memory at address 0x4199ca1a6fe6300>}
        mod_state = {base = 1391335248, latched = 32766, locked = 1704240849, effective = 32565}
        group_state = {base = 1391335248, latched = 32766, locked = 1700956911, effective = 32565}
#10 0x00007f3566d5c827 in gdk_window_x11_get_device_state (window=<optimized out>, device=<optimized out>, x=<optimized out>, y=<optimized out>, mask=<optimized out>) at gdkwindow-x11.c:3301
        child = 0x1d23040 [GdkX11DeviceXI2]
        mask = <optimized out>
        y = <optimized out>
        device = <optimized out>
        window = <optimized out>
        x = <optimized out>
#11 0x00007f3566d3501d in gdk_window_get_device_position_double (window=0x1f957e0 [GdkX11Window], device=device@entry=0x1d23040 [GdkX11DeviceXI2], x=x@entry=0x7ffe52ee18c8, y=y@entry=0x7ffe52ee18d0, mask=mask@entry=0x7ffe52ee18c4) at gdkwindow.c:4673
        tmp_x = 0
        tmp_y = 0
        tmp_mask = 0
        normal_child = <optimized out>
        __func__ = "gdk_window_get_device_position_double"
#12 0x00007f3566d214f0 in synthesize_crossing_events (display=display@entry=0x1d1f000 [GdkX11Display], device=device@entry=0x1d23040 [GdkX11DeviceXI2], source_device=source_device@entry=0x1d233a0 [GdkX11DeviceXI2], src_window=0x1f957e0 [GdkX11Window], dest_window=0x1f95150 [GdkX11Window], crossing_mode=crossing_mode@entry=GDK_CROSSING_GRAB, time=176581788, serial=332222) at gdkdisplay.c:861
        src_toplevel = <optimized out>
        dest_toplevel = <optimized out>
        state = 0
        x = 1.5094756852144432e-316
        y = 0
#13 0x00007f3566d221d2 in switch_to_pointer_grab (display=display@entry=0x1d1f000 [GdkX11Display], device=device@entry=0x1d23040 [GdkX11DeviceXI2], source_device=source_device@entry=0x1d233a0 [GdkX11DeviceXI2], grab=grab@entry=0x1eb80d0, last_grab=last_grab@entry=0x0, time=time@entry=176581788, serial=332222) at gdkdisplay.c:953
        src_window = <optimized out>
        pointer_window = <optimized out>
        new_toplevel = <optimized out>
        info = 0x1cd9380
        old_grabs = 0x1d74fa0
        state = <optimized out>
        x = 0
        y = 0
#14 0x00007f3566d2263f in _gdk_display_device_grab_update (display=display@entry=0x1d1f000 [GdkX11Display], device=device@entry=0x1d23040 [GdkX11DeviceXI2], source_device=source_device@entry=0x1d233a0 [GdkX11DeviceXI2], current_serial=current_serial@entry=332222) at gdkdisplay.c:1062
        current_grab = 0x1eb80d0
        next_grab = <optimized out>
        grabs = <optimized out>
        time = 176581788
#15 0x00007f3566d379a3 in _gdk_windowing_got_event (display=display@entry=0x1d1f000 [GdkX11Display], event_link=0x1dc1640, event=event@entry=0x1f96e30, serial=332222) at gdkwindow.c:9257
        mode = GDK_MODE_SCREEN
        event_window = <optimized out>
        x = 0
        y = 1.500553254903067e-316
        unlink_event = 0
        button_release_grab = <optimized out>
        pointer_info = 0x1cd9380
        device = 0x1d23040 [GdkX11DeviceXI2]
        source_device = 0x1d233a0 [GdkX11DeviceXI2]
        is_toplevel = <optimized out>
#16 0x00007f3566d4e7f0 in _gdk_x11_display_queue_events (display=0x1d1f000 [GdkX11Display]) at gdkeventsource.c:345
        node = <optimized out>
        xevent = {type = 35, xany = {type = 35, serial = 332222, send_event = 0, display = 0x1d0b4d0, window = 30064771203}, xkey = {type = 35, serial = 332222, send_event = 0, display = 0x1d0b4d0, window = 30064771203, root = 0, subwindow = 0, time = 9277129363200, x = 0, y = 0, x_root = 39850971, y_root = 0, state = 1, keycode = 0, same_screen = 0}, xbutton = {type = 35, serial = 332222, send_event = 0, display = 0x1d0b4d0, window = 30064771203, root = 0, subwindow = 0, time = 9277129363200, x = 0, y = 0, x_root = 39850971, y_root = 0, state = 1, button = 0, same_screen = 0}, xmotion = {type = 35, serial = 332222, send_event = 0, display = 0x1d0b4d0, window = 30064771203, root = 0, subwindow = 0, time = 9277129363200, x = 0, y = 0, x_root = 39850971, y_root = 0, state = 1, is_hint = 0 '\000', same_screen = 0}, xcrossing = {type = 35, serial = 332222, send_event = 0, display = 0x1d0b4d0, window = 30064771203, root = 0, subwindow = 0, time = 9277129363200, x = 0, y = 0, x_root = 39850971, y_root = 0, mode = 1, detail = 0, same_screen = 0, focus = 0, state = 818}, xfocus = {type = 35, serial = 332222, send_event = 0, display = 0x1d0b4d0, window = 30064771203, mode = 0, detail = 0}, xexpose = {type = 35, serial = 332222, send_event = 0, display = 0x1d0b4d0, window = 30064771203, x = 0, y = 0, width = 0, height = 0, count = 3840}, xgraphicsexpose = {type = 35, serial = 332222, send_event = 0, display = 0x1d0b4d0, drawable = 30064771203, x = 0, y = 0, width = 0, height = 0, count = 3840, major_code = 2160, minor_code = 0}, xnoexpose = {type = 35, serial = 332222, send_event = 0, display = 0x1d0b4d0, drawable = 30064771203, major_code = 0, minor_code = 0}, xvisibility = {type = 35, serial = 332222, send_event = 0, display = 0x1d0b4d0, window = 30064771203, state = 0}, xcreatewindow = {type = 35, serial = 332222, send_event = 0, display = 0x1d0b4d0, parent = 30064771203, window = 0, x = 0, y = 0, width = 3840, height = 2160, border_width = 0, override_redirect = 0}, xdestroywindow = {type = 35, serial = 332222, send_event = 0, display = 0x1d0b4d0, event = 30064771203, window = 0}, xunmap = {type = 35, serial = 332222, send_event = 0, display = 0x1d0b4d0, event = 30064771203, window = 0, from_configure = 0}, xmap = {type = 35, serial = 332222, send_event = 0, display = 0x1d0b4d0, event = 30064771203, window = 0, override_redirect = 0}, xmaprequest = {type = 35, serial = 332222, send_event = 0, display = 0x1d0b4d0, parent = 30064771203, window = 0}, xreparent = {type = 35, serial = 332222, send_event = 0, display = 0x1d0b4d0, event = 30064771203, window = 0, parent = 0, x = 3840, y = 2160, override_redirect = 0}, xconfigure = {type = 35, serial = 332222, send_event = 0, display = 0x1d0b4d0, event = 30064771203, window = 0, x = 0, y = 0, width = 3840, height = 2160, border_width = 0, above = 39850971, override_redirect = 1}, xgravity = {type = 35, serial = 332222, send_event = 0, display = 0x1d0b4d0, event = 30064771203, window = 0, x = 0, y = 0}, xresizerequest = {type = 35, serial = 332222, send_event = 0, display = 0x1d0b4d0, window = 30064771203, width = 0, height = 0}, xconfigurerequest = {type = 35, serial = 332222, send_event = 0, display = 0x1d0b4d0, parent = 30064771203, window = 0, x = 0, y = 0, width = 3840, height = 2160, border_width = 0, above = 39850971, detail = 1, value_mask = 0}, xcirculate = {type = 35, serial = 332222, send_event = 0, display = 0x1d0b4d0, event = 30064771203, window = 0, place = 0}, xcirculaterequest = {type = 35, serial = 332222, send_event = 0, display = 0x1d0b4d0, parent = 30064771203, window = 0, place = 0}, xproperty = {type = 35, serial = 332222, send_event = 0, display = 0x1d0b4d0, window = 30064771203, atom = 0, time = 0, state = 3840}, xselectionclear = {type = 35, serial = 332222, send_event = 0, display = 0x1d0b4d0, window = 30064771203, selection = 0, time = 0}, xselectionrequest = {type = 35, serial = 332222, send_event = 0, display = 0x1d0b4d0, owner = 30064771203, requestor = 0, selection = 0, target = 9277129363200, property = 0, time = 39850971}, xselection = {type = 35, serial = 332222, send_event = 0, display = 0x1d0b4d0, requestor = 30064771203, selection = 0, target = 0, property = 9277129363200, time = 0}, xcolormap = {type = 35, serial = 332222, send_event = 0, display = 0x1d0b4d0, window = 30064771203, colormap = 0, new = 0, state = 0}, xclient = {type = 35, serial = 332222, send_event = 0, display = 0x1d0b4d0, window = 30064771203, message_type = 0, format = 0, data = {b = "\000\017\000\000p\b\000\000\000\000\000\000\000\000\000\000\333\023`\002", s = {3840, 0, 2160, 0, 0, 0, 0, 0, 5083, 608}, l = {9277129363200, 0, 39850971, 1, 0}}}, xmapping = {type = 35, serial = 332222, send_event = 0, display = 0x1d0b4d0, window = 30064771203, request = 0, first_keycode = 0, count = 0}, xerror = {type = 35, display = 0x511be, resourceid = 0, serial = 30454992, error_code = 131 '\203', request_code = 0 '\000', minor_code = 0 '\000'}, xkeymap = {type = 35, serial = 332222, send_event = 0, display = 0x1d0b4d0, window = 30064771203, key_vector = '\000' <repeats 17 times>, "\017\000\000p\b\000\000\000\000\000\000\000\000\000"}, xgeneric = {type = 35, serial = 332222, send_event = 0, display = 0x1d0b4d0, extension = 131, evtype = 7}, xcookie = {type = 35, serial = 332222, send_event = 0, display = 0x1d0b4d0, extension = 131, evtype = 7, cookie = 0, data = 0x0}, pad = {35, 332222, 0, 30454992, 30064771203, 0, 0, 9277129363200, 0, 39850971, 1, 0, 818, 4621819117588971520, 0, 0, 4621819117588971520, 0, 0, 0, 0, 0, 32712464, 0}}
        xdisplay = 0x1d0b4d0
        event_source = 0x1d3cc10
        display_x11 = 0x1d1f000 [GdkX11Display]
#17 0x00007f3566d219f9 in gdk_display_get_event (display=display@entry=0x1d1f000 [GdkX11Display]) at gdkdisplay.c:340
        __func__ = "gdk_display_get_event"
#18 0x00007f3566d4e552 in gdk_event_source_dispatch (source=<optimized out>, callback=<optimized out>, user_data=<optimized out>) at gdkeventsource.c:360
        display = 0x1d1f000 [GdkX11Display]
        event = <optimized out>
#19 0x00007f3565639a8a in g_main_context_dispatch (context=0x1d06c40) at gmain.c:3122
        dispatch = 0x7f3566d4e540 <gdk_event_source_dispatch>
        prev_source = 0x0
        was_in_call = 0
        user_data = 0x0
        callback = 0x0
        cb_funcs = 0x0
        cb_data = 0x0
        need_destroy = <optimized out>
        source = 0x1d3cc10
        current = 0x1ce8200
        i = 1
#20 0x00007f3565639a8a in g_main_context_dispatch (context=context@entry=0x1d06c40) at gmain.c:3737
#21 0x00007f3565639e20 in g_main_context_iterate (context=0x1d06c40, block=block@entry=1, dispatch=dispatch@entry=1, self=<optimized out>) at gmain.c:3808
        max_priority = 0
        timeout = 0
        some_ready = 1
        nfds = <optimized out>
        allocated_nfds = 7
        fds = 0x1f13970
#22 0x00007f356563a142 in g_main_loop_run (loop=0x1e39b50) at gmain.c:4002
        __func__ = "g_main_loop_run"
#23 0x00007f35671c7255 in gtk_main () at gtkmain.c:1219
        loop = 0x1e39b50
#24 0x0000000000409ae2 in main ()
From                To                  Syms Read   Shared Object Library
                                        No          linux-vdso.so.1
0x00007f3567d3a5e0  0x00007f3567d4e0c1  Yes         /lib64/libdbus-glib-1.so.2
0x00007f3567ae7920  0x00007f3567b122f4  Yes         /lib64/libdbus-1.so.3
0x00007f35678bd940  0x00007f35678d32d7  Yes (*)     /lib64/libcinnamon-desktop.so.4
0x00007f3567042280  0x00007f356734c479  Yes         /lib64/libgtk-3.so.0
0x00007f3566d1b100  0x00007f3566d78751  Yes         /lib64/libgdk-3.so.0
0x00007f3566aec8b0  0x00007f3566af1566  Yes         /lib64/libpangocairo-1.0.so.0
0x00007f35668a4de0  0x00007f35668c47d6  Yes         /lib64/libpango-1.0.so.0
0x00007f356667b1f0  0x00007f3566687643  Yes         /lib64/libatk-1.0.so.0
0x00007f3566463560  0x00007f35664644f9  Yes         /lib64/libcairo-gobject.so.2
0x00007f35661439f0  0x00007f3566213c79  Yes         /lib64/libcairo.so.2
0x00007f3565f0f5e0  0x00007f3565f239b9  Yes         /lib64/libgdk_pixbuf-2.0.so.0
0x00007f3565bbce20  0x00007f3565c8af5b  Yes         /lib64/libgio-2.0.so.0
0x00007f356593af20  0x00007f356596ab06  Yes         /lib64/libgobject-2.0.so.0
0x00007f356560a700  0x00007f35656a70f9  Yes         /lib64/libglib-2.0.so.0
0x00007f35653e9c20  0x00007f35653eddff  Yes         /lib64/libSM.so.6
0x00007f35651ccf30  0x00007f35651da8da  Yes         /lib64/libICE.so.6
0x00007f3564fb3770  0x00007f3564fbd54f  Yes         /lib64/libXext.so.6
0x00007f3564c85fe0  0x00007f3564d0ddc4  Yes         /lib64/libX11.so.6
0x00007f3564a61010  0x00007f3564a638b8  Yes         /lib64/libXxf86vm.so.1
0x00007f3564858d90  0x00007f3564859eb8  Yes         /lib64/libXxf86misc.so.1
0x00007f356812d4c0  0x00007f35681466bd  Yes (*)     /lib64/libsystemd.so.0
0x00007f35644b74d0  0x00007f35646048f4  Yes         /lib64/libc.so.6
0x00007f356427da00  0x00007f356428a1b1  Yes         /lib64/libpthread.so.0
0x00007f3563f75550  0x00007f3563fe723a  Yes         /lib64/libm.so.6
0x00007f3563d61c00  0x00007f3563d675a9  Yes         /lib64/libXrandr.so.2
0x00007f3563b3cd50  0x00007f3563b54dc8  Yes         /lib64/libxkbfile.so.1
0x00007f3563932140  0x00007f3563934fe7  Yes         /lib64/librt.so.1
0x00007f356371aaf0  0x00007f356372a845  Yes         /lib64/libgcc_s.so.1
0x00007f3563511190  0x00007f3563512095  Yes         /lib64/libgmodule-2.0.so.0
0x00007f3563302230  0x00007f356330c857  Yes         /lib64/libXi.so.6
0x00007f35630f95f0  0x00007f35630fb926  Yes         /lib64/libXfixes.so.3
0x00007f3562ed24a0  0x00007f3562ee6409  Yes         /lib64/libatk-bridge-2.0.so.0
0x00007f3562c33a20  0x00007f3562c6eb68  Yes         /lib64/libepoxy.so.0
0x00007f35629cf390  0x00007f35629d75bb  Yes         /lib64/libpangoft2-1.0.so.0
0x00007f3562786da0  0x00007f35627a5e1a  Yes         /lib64/libfontconfig.so.1
0x00007f3562578bb0  0x00007f3562579524  Yes         /lib64/libXinerama.so.1
0x00007f356236aab0  0x00007f356236f5b7  Yes         /lib64/libXcursor.so.1
0x00007f3562160cd0  0x00007f35621616e5  Yes         /lib64/libXcomposite.so.1
0x00007f3561f58c40  0x00007f3561f5956b  Yes         /lib64/libXdamage.so.1
0x00007f3561d1c3a0  0x00007f3561d36d55  Yes         /lib64/libxkbcommon.so.0
0x00007f3561b11240  0x00007f3561b12d51  Yes         /lib64/libwayland-cursor.so.0
0x00007f3561908700  0x00007f35619088d6  Yes         /lib64/libwayland-egl.so.1
0x00007f35616fcfc0  0x00007f35617014bf  Yes         /lib64/libwayland-client.so.0
0x00007f35614f06b0  0x00007f35614f082a  Yes         /lib64/libgthread-2.0.so.0
0x00007f3561297140  0x00007f35612d0d79  Yes         /lib64/libharfbuzz.so.0
0x00007f3560feeb60  0x00007f356105e4b2  Yes         /lib64/libfreetype.so.6
0x00007f3560d3a370  0x00007f3560dc4090  Yes         /lib64/libpixman-1.so.0
0x00007f3560a4afe0  0x00007f3560ace488  Yes (*)     /usr/lib64/nvidia/libEGL.so.1
0x00007f3560820e60  0x00007f3560821a4e  Yes         /lib64/libdl.so.2
0x00007f35605ed4c0  0x00007f356060f055  Yes         /lib64/libpng16.so.16
0x00007f35603e0df0  0x00007f35603e1903  Yes         /lib64/libxcb-shm.so.0
0x00007f35601d3610  0x00007f35601d6a8a  Yes         /lib64/libxcb-render.so.0
0x00007f355ffb1bd0  0x00007f355ffc02d5  Yes         /lib64/libxcb.so.1
0x00007f355fd99b70  0x00007f355fd9fb35  Yes         /lib64/libXrender.so.1
0x00007f355fb82200  0x00007f355fb8e729  Yes         /lib64/libz.so.1
0x00007f355f8859c0  0x00007f355f8f3be4  Yes (*)     /usr/lib64/nvidia/libGL.so.1
0x00007f355f621870  0x00007f355f62600c  Yes         /lib64/libffi.so.6
0x00007f355f3fe300  0x00007f355f410eeb  Yes         /lib64/libselinux.so.1
0x00007f355f1db980  0x00007f355f1eae31  Yes         /lib64/libresolv.so.2
0x00007f355efd15f0  0x00007f355efd2c61  Yes         /lib64/libuuid.so.1
0x00007f355edc9670  0x00007f355edcaf96  Yes         /lib64/libcap.so.2
0x00007f355eba3030  0x00007f355ebb9712  Yes         /lib64/liblzma.so.5
0x00007f355e8c0900  0x00007f355e964848  Yes         /lib64/libgcrypt.so.20
0x00007f355e6a2740  0x00007f355e6ab149  Yes         /lib64/libgpg-error.so.0
0x00007f355e461790  0x00007f355e490bfd  Yes         /lib64/libdw.so.1
0x00007f3567f60ad0  0x00007f3567f7b240  Yes         /lib64/ld-linux-x86-64.so.2
0x00007f355e237880  0x00007f355e248e18  Yes         /lib64/libatspi.so.0
0x00007f355dffbe00  0x00007f355e014249  Yes         /lib64/libexpat.so.1
0x00007f355ddda710  0x00007f355ddee5e8  Yes         /lib64/libgraphite2.so.3
0x00007f355dbc9760  0x00007f355dbd5462  Yes         /lib64/libbz2.so.1
0x00007f355d93b080  0x00007f355d9a1bd8  Yes (*)     /usr/lib64/nvidia/libnvidia-glsi.so.346.72
0x00007f355d730ec0  0x00007f355d731bf9  Yes         /lib64/libXau.so.6
0x00007f355d5289b0  0x00007f355d52a4b3  Yes (*)     /usr/lib64/nvidia/tls/libnvidia-tls.so.346.72
0x00007f355b337a60  0x00007f355c241368  Yes (*)     /usr/lib64/nvidia/libnvidia-glcore.so.346.72
0x00007f355a5d96f0  0x00007f355a628436  Yes         /lib64/libpcre.so.1
0x00007f355a3d13d0  0x00007f355a3d34aa  Yes         /lib64/libattr.so.1
0x00007f355a1baae0  0x00007f355a1c8cdd  Yes         /lib64/libelf.so.1
0x00007f35538cbe50  0x00007f35538e5fd6  Yes         /usr/lib64/gio/modules/libgvfsdbus.so
0x00007f3553693490  0x00007f35536a9d76  Yes         /usr/lib64/gvfs/libgvfscommon.so
0x00007f355343c7d0  0x00007f35534692fe  Yes         /lib64/libbluray.so.1
0x00007f3568064770  0x00007f356806e425  Yes (*)     /lib64/libudev.so.1
0x00007f3553230ea0  0x00007f3553231745  Yes         /lib64/libutil.so.1
0x00007f3552ef64e0  0x00007f3552fd8780  Yes         /lib64/libxml2.so.2
0x00007f35524bbbe0  0x00007f35524c08fe  Yes         /usr/lib64/gio/modules/libdconfsettings.so
(*): Shared library is missing debugging information.
$1 = 0x0
$2 = 0x0
rax            0x0	0
rbx            0x2	2
rcx            0x7ffe52ee0f30	140730289753904
rdx            0x1b1	433
rsi            0x0	0
rdi            0x7f3564852b20	139867296443168
rbp            0x4	0x4
rsp            0x7ffe52ee1150	0x7ffe52ee1150
r8             0x0	0
r9             0x7f3564852b78	139867296443256
r10            0x7f3564852b78	139867296443256
r11            0x7f3564852c08	139867296443400
r12            0x4	4
r13            0x0	0
r14            0x7f3565640500	139867311047936
r15            0x2	2
rip            0x7f3565640d3b	0x7f3565640d3b <g_logv+683>
eflags         0x246	[ PF ZF IF ]
cs             0x33	51
ss             0x2b	43
ds             0x0	0
es             0x0	0
fs             0x0	0
gs             0x0	0
st0            0	(raw 0x00000000000000000000)
st1            0	(raw 0x00000000000000000000)
st2            0	(raw 0x00000000000000000000)
st3            0	(raw 0x00000000000000000000)
st4            0	(raw 0x00000000000000000000)
st5            0	(raw 0x00000000000000000000)
st6            0	(raw 0x00000000000000000000)
st7            0	(raw 0x00000000000000000000)
fctrl          0x37f	895
fstat          0x0	0
ftag           0xffff	65535
fiseg          0x0	0
fioff          0x0	0
foseg          0x0	0
fooff          0x0	0
fop            0x0	0
mxcsr          0x1fa4	[ ZE PE IM DM ZM OM UM PM ]
ymm0           {v8_float = {0x0, 0x0, 0x0, 0x0, 0x0, 0x0, 0x0, 0x0}, v4_double = {0x8000000000000000, 0x8000000000000000, 0x0, 0x0}, v32_int8 = {0x0, 0x0, 0x0, 0x0, 0x0, 0xff, 0xff, 0xff, 0x0, 0x0, 0x0, 0x0, 0x0, 0x0, 0xff, 0xff, 0x0 <repeats 16 times>}, v16_int16 = {0x0, 0x0, 0xff00, 0xffff, 0x0, 0x0, 0x0, 0xffff, 0x0, 0x0, 0x0, 0x0, 0x0, 0x0, 0x0, 0x0}, v8_int32 = {0x0, 0xffffff00, 0x0, 0xffff0000, 0x0, 0x0, 0x0, 0x0}, v4_int64 = {0xffffff0000000000, 0xffff000000000000, 0x0, 0x0}, v2_int128 = {0xffff000000000000ffffff0000000000, 0x00000000000000000000000000000000}}
ymm1           {v8_float = {0x0, 0x0, 0x0, 0x0, 0x0, 0x0, 0x0, 0x0}, v4_double = {0x0, 0x0, 0x0, 0x0}, v32_int8 = {0xff, 0xff, 0xff, 0xff, 0xff, 0x0 <repeats 27 times>}, v16_int16 = {0xffff, 0xffff, 0xff, 0x0 <repeats 13 times>}, v8_int32 = {0xffffffff, 0xff, 0x0, 0x0, 0x0, 0x0, 0x0, 0x0}, v4_int64 = {0xffffffffff, 0x0, 0x0, 0x0}, v2_int128 = {0x0000000000000000000000ffffffffff, 0x00000000000000000000000000000000}}
ymm2           {v8_float = {0x0, 0x0, 0x0, 0x0, 0x0, 0x0, 0x0, 0x0}, v4_double = {0x0, 0x0, 0x0, 0x0}, v32_int8 = {0x55, 0x54, 0x46, 0x2d, 0x38, 0x0, 0x0, 0x0, 0x0, 0x0, 0x0, 0x0, 0x1, 0x0 <repeats 19 times>}, v16_int16 = {0x5455, 0x2d46, 0x38, 0x0, 0x0, 0x0, 0x1, 0x0, 0x0, 0x0, 0x0, 0x0, 0x0, 0x0, 0x0, 0x0}, v8_int32 = {0x2d465455, 0x38, 0x0, 0x1, 0x0, 0x0, 0x0, 0x0}, v4_int64 = {0x382d465455, 0x100000000, 0x0, 0x0}, v2_int128 = {0x0000000100000000000000382d465455, 0x00000000000000000000000000000000}}
ymm3           {v8_float = {0x0, 0x0, 0x0, 0x0, 0x0, 0x0, 0x0, 0x0}, v4_double = {0x0, 0x0, 0x0, 0x0}, v32_int8 = {0x0 <repeats 32 times>}, v16_int16 = {0x0 <repeats 16 times>}, v8_int32 = {0x0, 0x0, 0x0, 0x0, 0x0, 0x0, 0x0, 0x0}, v4_int64 = {0x0, 0x0, 0x0, 0x0}, v2_int128 = {0x00000000000000000000000000000000, 0x00000000000000000000000000000000}}
ymm4           {v8_float = {0x0, 0x0, 0x0, 0x0, 0x0, 0x0, 0x0, 0x0}, v4_double = {0x0, 0x0, 0x0, 0x0}, v32_int8 = {0x0, 0x0, 0x0, 0xff, 0x0, 0x0, 0xff, 0x0 <repeats 25 times>}, v16_int16 = {0x0, 0xff00, 0x0, 0xff, 0x0 <repeats 12 times>}, v8_int32 = {0xff000000, 0xff0000, 0x0, 0x0, 0x0, 0x0, 0x0, 0x0}, v4_int64 = {0xff0000ff000000, 0x0, 0x0, 0x0}, v2_int128 = {0x000000000000000000ff0000ff000000, 0x00000000000000000000000000000000}}
ymm5           {v8_float = {0x0, 0x0, 0x0, 0x0, 0x0, 0x0, 0x0, 0x0}, v4_double = {0x0, 0x8000000000000000, 0x0, 0x0}, v32_int8 = {0x0 <repeats 12 times>, 0xff, 0xff, 0xff, 0xff, 0x0 <repeats 16 times>}, v16_int16 = {0x0, 0x0, 0x0, 0x0, 0x0, 0x0, 0xffff, 0xffff, 0x0, 0x0, 0x0, 0x0, 0x0, 0x0, 0x0, 0x0}, v8_int32 = {0x0, 0x0, 0x0, 0xffffffff, 0x0, 0x0, 0x0, 0x0}, v4_int64 = {0x0, 0xffffffff00000000, 0x0, 0x0}, v2_int128 = {0xffffffff000000000000000000000000, 0x00000000000000000000000000000000}}
ymm6           {v8_float = {0x0, 0x0, 0x0, 0x0, 0x0, 0x0, 0x0, 0x0}, v4_double = {0x0, 0x0, 0x0, 0x0}, v32_int8 = {0x0 <repeats 32 times>}, v16_int16 = {0x0 <repeats 16 times>}, v8_int32 = {0x0, 0x0, 0x0, 0x0, 0x0, 0x0, 0x0, 0x0}, v4_int64 = {0x0, 0x0, 0x0, 0x0}, v2_int128 = {0x00000000000000000000000000000000, 0x00000000000000000000000000000000}}
ymm7           {v8_float = {0x0, 0x0, 0x0, 0x0, 0x0, 0x0, 0x0, 0x0}, v4_double = {0x0, 0x0, 0x0, 0x0}, v32_int8 = {0x0 <repeats 32 times>}, v16_int16 = {0x0 <repeats 16 times>}, v8_int32 = {0x0, 0x0, 0x0, 0x0, 0x0, 0x0, 0x0, 0x0}, v4_int64 = {0x0, 0x0, 0x0, 0x0}, v2_int128 = {0x00000000000000000000000000000000, 0x00000000000000000000000000000000}}
ymm8           {v8_float = {0x0, 0x0, 0x0, 0x0, 0x0, 0x0, 0x0, 0x0}, v4_double = {0x0, 0x0, 0x0, 0x0}, v32_int8 = {0x0 <repeats 32 times>}, v16_int16 = {0x0 <repeats 16 times>}, v8_int32 = {0x0, 0x0, 0x0, 0x0, 0x0, 0x0, 0x0, 0x0}, v4_int64 = {0x0, 0x0, 0x0, 0x0}, v2_int128 = {0x00000000000000000000000000000000, 0x00000000000000000000000000000000}}
ymm9           {v8_float = {0x0, 0x0, 0x0, 0x0, 0x0, 0x0, 0x0, 0x0}, v4_double = {0x0, 0x0, 0x0, 0x0}, v32_int8 = {0x0 <repeats 32 times>}, v16_int16 = {0x0 <repeats 16 times>}, v8_int32 = {0x0, 0x0, 0x0, 0x0, 0x0, 0x0, 0x0, 0x0}, v4_int64 = {0x0, 0x0, 0x0, 0x0}, v2_int128 = {0x00000000000000000000000000000000, 0x00000000000000000000000000000000}}
ymm10          {v8_float = {0x0, 0x0, 0x0, 0x0, 0x0, 0x0, 0x0, 0x0}, v4_double = {0x0, 0x0, 0x0, 0x0}, v32_int8 = {0x0 <repeats 32 times>}, v16_int16 = {0x0 <repeats 16 times>}, v8_int32 = {0x0, 0x0, 0x0, 0x0, 0x0, 0x0, 0x0, 0x0}, v4_int64 = {0x0, 0x0, 0x0, 0x0}, v2_int128 = {0x00000000000000000000000000000000, 0x00000000000000000000000000000000}}
ymm11          {v8_float = {0x0, 0x0, 0x0, 0x0, 0x0, 0x0, 0x0, 0x0}, v4_double = {0x0, 0x0, 0x0, 0x0}, v32_int8 = {0x0 <repeats 14 times>, 0xff, 0x0 <repeats 17 times>}, v16_int16 = {0x0, 0x0, 0x0, 0x0, 0x0, 0x0, 0x0, 0xff, 0x0, 0x0, 0x0, 0x0, 0x0, 0x0, 0x0, 0x0}, v8_int32 = {0x0, 0x0, 0x0, 0xff0000, 0x0, 0x0, 0x0, 0x0}, v4_int64 = {0x0, 0xff000000000000, 0x0, 0x0}, v2_int128 = {0x00ff0000000000000000000000000000, 0x00000000000000000000000000000000}}
ymm12          {v8_float = {0x0, 0x0, 0x0, 0x0, 0x0, 0x0, 0x0, 0x0}, v4_double = {0x0, 0x0, 0x0, 0x0}, v32_int8 = {0x0 <repeats 32 times>}, v16_int16 = {0x0 <repeats 16 times>}, v8_int32 = {0x0, 0x0, 0x0, 0x0, 0x0, 0x0, 0x0, 0x0}, v4_int64 = {0x0, 0x0, 0x0, 0x0}, v2_int128 = {0x00000000000000000000000000000000, 0x00000000000000000000000000000000}}
ymm13          {v8_float = {0xf9999998, 0x1, 0x0, 0x0, 0x0, 0x0, 0x0, 0x0}, v4_double = {0x1, 0x0, 0x0, 0x0}, v32_int8 = {0xcd, 0xcc, 0xcc, 0xcc, 0xcc, 0xcc, 0xf4, 0x3f, 0x0 <repeats 24 times>}, v16_int16 = {0xcccd, 0xcccc, 0xcccc, 0x3ff4, 0x0 <repeats 12 times>}, v8_int32 = {0xcccccccd, 0x3ff4cccc, 0x0, 0x0, 0x0, 0x0, 0x0, 0x0}, v4_int64 = {0x3ff4cccccccccccd, 0x0, 0x0, 0x0}, v2_int128 = {0x00000000000000003ff4cccccccccccd, 0x00000000000000000000000000000000}}
ymm14          {v8_float = {0x0, 0x0, 0x0, 0x0, 0x0, 0x0, 0x0, 0x0}, v4_double = {0x0, 0x0, 0x0, 0x0}, v32_int8 = {0x0 <repeats 32 times>}, v16_int16 = {0x0 <repeats 16 times>}, v8_int32 = {0x0, 0x0, 0x0, 0x0, 0x0, 0x0, 0x0, 0x0}, v4_int64 = {0x0, 0x0, 0x0, 0x0}, v2_int128 = {0x00000000000000000000000000000000, 0x00000000000000000000000000000000}}
ymm15          {v8_float = {0x0, 0x0, 0x0, 0x0, 0x0, 0x0, 0x0, 0x0}, v4_double = {0x0, 0x0, 0x0, 0x0}, v32_int8 = {0x0 <repeats 32 times>}, v16_int16 = {0x0 <repeats 16 times>}, v8_int32 = {0x0, 0x0, 0x0, 0x0, 0x0, 0x0, 0x0, 0x0}, v4_int64 = {0x0, 0x0, 0x0, 0x0}, v2_int128 = {0x00000000000000000000000000000000, 0x00000000000000000000000000000000}}
Dump of assembler code for function g_logv:
   0x00007f3565640a90 <+0>:	push   %r15
   0x00007f3565640a92 <+2>:	push   %r14
   0x00007f3565640a94 <+4>:	push   %r13
   0x00007f3565640a96 <+6>:	push   %r12
   0x00007f3565640a98 <+8>:	mov    %esi,%r12d
   0x00007f3565640a9b <+11>:	push   %rbp
   0x00007f3565640a9c <+12>:	push   %rbx
   0x00007f3565640a9d <+13>:	sub    $0x88,%rsp
   0x00007f3565640aa4 <+20>:	mov    %fs:0x28,%rax
   0x00007f3565640aad <+29>:	mov    %rax,0x78(%rsp)
   0x00007f3565640ab2 <+34>:	xor    %eax,%eax
   0x00007f3565640ab4 <+36>:	and    $0xfffffffc,%r12d
   0x00007f3565640ab8 <+40>:	mov    %rdi,0x8(%rsp)
   0x00007f3565640abd <+45>:	jne    0x7f3565640ae5 <g_logv+85>
   0x00007f3565640abf <+47>:	mov    0x78(%rsp),%rax
   0x00007f3565640ac4 <+52>:	xor    %fs:0x28,%rax
   0x00007f3565640acd <+61>:	jne    0x7f3565640e0d <g_logv+893>
   0x00007f3565640ad3 <+67>:	add    $0x88,%rsp
   0x00007f3565640ada <+74>:	pop    %rbx
   0x00007f3565640adb <+75>:	pop    %rbp
   0x00007f3565640adc <+76>:	pop    %r12
   0x00007f3565640ade <+78>:	pop    %r13
   0x00007f3565640ae0 <+80>:	pop    %r14
   0x00007f3565640ae2 <+82>:	pop    %r15
   0x00007f3565640ae4 <+84>:	retq   
   0x00007f3565640ae5 <+85>:	mov    %esi,%ebx
   0x00007f3565640ae7 <+87>:	mov    %rdx,%rdi
   0x00007f3565640aea <+90>:	mov    %rcx,%rsi
   0x00007f3565640aed <+93>:	callq  0x7f3565658a00 <g_strdup_vprintf>
   0x00007f3565640af2 <+98>:	mov    %rax,(%rsp)
   0x00007f3565640af6 <+102>:	mov    0x2e86ab(%rip),%rax        # 0x7f35659291a8 <expected_messages>
   0x00007f3565640afd <+109>:	test   %rax,%rax
   0x00007f3565640b00 <+112>:	je     0x7f3565640b30 <g_logv+160>
   0x00007f3565640b02 <+114>:	mov    (%rax),%rbp
   0x00007f3565640b05 <+117>:	mov    0x8(%rsp),%rsi
   0x00007f3565640b0a <+122>:	mov    0x0(%rbp),%rdi
   0x00007f3565640b0e <+126>:	callq  0x7f356565c8e0 <g_strcmp0>
   0x00007f3565640b13 <+131>:	test   %eax,%eax
   0x00007f3565640b15 <+133>:	jne    0x7f3565640b27 <g_logv+151>
   0x00007f3565640b17 <+135>:	mov    0x8(%rbp),%eax
   0x00007f3565640b1a <+138>:	mov    %r12d,%edx
   0x00007f3565640b1d <+141>:	and    %eax,%edx
   0x00007f3565640b1f <+143>:	cmp    %edx,%eax
   0x00007f3565640b21 <+145>:	je     0x7f3565640dab <g_logv+795>
   0x00007f3565640b27 <+151>:	test   $0x80,%bl
   0x00007f3565640b2a <+154>:	je     0x7f3565640d4a <g_logv+698>
   0x00007f3565640b30 <+160>:	movslq %r12d,%rbp
   0x00007f3565640b33 <+163>:	mov    $0x40,%r15d
   0x00007f3565640b39 <+169>:	jmp    0x7f3565640b49 <g_logv+185>
   0x00007f3565640b3b <+171>:	nopl   0x0(%rax,%rax,1)
   0x00007f3565640b40 <+176>:	test   %r15d,%r15d
   0x00007f3565640b43 <+179>:	je     0x7f3565640cc3 <g_logv+563>
   0x00007f3565640b49 <+185>:	sub    $0x1,%r15d
   0x00007f3565640b4d <+189>:	bt     %r15,%rbp
   0x00007f3565640b51 <+193>:	jae    0x7f3565640b40 <g_logv+176>
   0x00007f3565640b53 <+195>:	mov    0x8(%rsp),%rsi
   0x00007f3565640b58 <+200>:	lea    0x9ebbf(%rip),%rax        # 0x7f35656df71e
   0x00007f3565640b5f <+207>:	test   %rsi,%rsi
   0x00007f3565640b62 <+210>:	cmovne %rsi,%rax
   0x00007f3565640b66 <+214>:	mov    %rax,0x18(%rsp)
   0x00007f3565640b6b <+219>:	mov    %ebx,%eax
   0x00007f3565640b6d <+221>:	and    $0x1,%ebx
   0x00007f3565640b70 <+224>:	and    $0x2,%eax
   0x00007f3565640b73 <+227>:	mov    %ebx,0x2c(%rsp)
   0x00007f3565640b77 <+231>:	mov    %eax,0x28(%rsp)
   0x00007f3565640b7b <+235>:	nopl   0x0(%rax,%rax,1)
   0x00007f3565640b80 <+240>:	mov    $0x1,%ebx
   0x00007f3565640b85 <+245>:	mov    %r15d,%ecx
   0x00007f3565640b88 <+248>:	shl    %cl,%ebx
   0x00007f3565640b8a <+250>:	test   %ebx,%r12d
   0x00007f3565640b8d <+253>:	je     0x7f3565640ca6 <g_logv+534>
   0x00007f3565640b93 <+259>:	lea    0x2e867e(%rip),%rdi        # 0x7f3565929218 <g_messages_lock>
   0x00007f3565640b9a <+266>:	or     0x28(%rsp),%ebx
   0x00007f3565640b9e <+270>:	or     0x2c(%rsp),%ebx
   0x00007f3565640ba2 <+274>:	callq  0x7f356567eec0 <g_mutex_lock>
   0x00007f3565640ba7 <+279>:	lea    0x2e8632(%rip),%rdi        # 0x7f35659291e0 <g_log_depth>
   0x00007f3565640bae <+286>:	callq  0x7f356567eaa0 <g_private_get>
   0x00007f3565640bb3 <+291>:	mov    0x18(%rsp),%rdi
   0x00007f3565640bb8 <+296>:	mov    %rax,%r13
   0x00007f3565640bbb <+299>:	callq  0x7f356563fdc0 <g_log_find_domain_L>
   0x00007f3565640bc0 <+304>:	mov    %ebx,%edx
   0x00007f3565640bc2 <+306>:	lea    0x1(%r13),%edi
   0x00007f3565640bc6 <+310>:	or     $0x1,%edx
   0x00007f3565640bc9 <+313>:	test   %r13d,%r13d
   0x00007f3565640bcc <+316>:	cmovne %edx,%ebx
   0x00007f3565640bcf <+319>:	test   %rax,%rax
   0x00007f3565640bd2 <+322>:	mov    %edi,0x20(%rsp)
   0x00007f3565640bd6 <+326>:	je     0x7f3565640d40 <g_logv+688>
   0x00007f3565640bdc <+332>:	mov    0x8(%rax),%edx
   0x00007f3565640bdf <+335>:	lea    0x2e7c26(%rip),%rcx        # 0x7f356592880c <g_log_always_fatal>
   0x00007f3565640be6 <+342>:	lea    -0xa8d(%rip),%r14        # 0x7f3565640160 <_g_log_fallback_handler>
   0x00007f3565640bed <+349>:	or     (%rcx),%edx
   0x00007f3565640bef <+351>:	mov    %ebx,%ecx
   0x00007f3565640bf1 <+353>:	or     $0x2,%ecx
   0x00007f3565640bf4 <+356>:	test   %ebx,%edx
   0x00007f3565640bf6 <+358>:	cmovne %ecx,%ebx
   0x00007f3565640bf9 <+361>:	xor    %ecx,%ecx
   0x00007f3565640bfb <+363>:	mov    %ebx,%esi
   0x00007f3565640bfd <+365>:	and    $0x1,%esi
   0x00007f3565640c00 <+368>:	mov    %esi,0x24(%rsp)
   0x00007f3565640c04 <+372>:	jne    0x7f3565640c50 <g_logv+448>
   0x00007f3565640c06 <+374>:	test   %rax,%rax
   0x00007f3565640c09 <+377>:	je     0x7f3565640cd8 <g_logv+584>
   0x00007f3565640c0f <+383>:	test   %ebx,%ebx
   0x00007f3565640c11 <+385>:	je     0x7f3565640cd8 <g_logv+584>
   0x00007f3565640c17 <+391>:	mov    0x10(%rax),%rax
   0x00007f3565640c1b <+395>:	test   %rax,%rax
   0x00007f3565640c1e <+398>:	jne    0x7f3565640c35 <g_logv+421>
   0x00007f3565640c20 <+400>:	jmpq   0x7f3565640cd8 <g_logv+584>
   0x00007f3565640c25 <+405>:	nopl   (%rax)
   0x00007f3565640c28 <+408>:	mov    0x18(%rax),%rax
   0x00007f3565640c2c <+412>:	test   %rax,%rax
   0x00007f3565640c2f <+415>:	je     0x7f3565640cd8 <g_logv+584>
   0x00007f3565640c35 <+421>:	mov    0x4(%rax),%edx
   0x00007f3565640c38 <+424>:	and    %ebx,%edx
   0x00007f3565640c3a <+426>:	cmp    %edx,%ebx
   0x00007f3565640c3c <+428>:	jne    0x7f3565640c28 <g_logv+408>
   0x00007f3565640c3e <+430>:	mov    0x10(%rax),%rcx
   0x00007f3565640c42 <+434>:	mov    0x8(%rax),%r14
   0x00007f3565640c46 <+438>:	nopw   %cs:0x0(%rax,%rax,1)
   0x00007f3565640c50 <+448>:	lea    0x2e85c1(%rip),%rdi        # 0x7f3565929218 <g_messages_lock>
   0x00007f3565640c57 <+455>:	mov    %rcx,0x10(%rsp)
   0x00007f3565640c5c <+460>:	callq  0x7f356567eee0 <g_mutex_unlock>
   0x00007f3565640c61 <+465>:	mov    0x20(%rsp),%esi
   0x00007f3565640c65 <+469>:	lea    0x2e8574(%rip),%rdi        # 0x7f35659291e0 <g_log_depth>
   0x00007f3565640c6c <+476>:	callq  0x7f356567eaf0 <g_private_set>
   0x00007f3565640c71 <+481>:	mov    0x10(%rsp),%rcx
   0x00007f3565640c76 <+486>:	mov    (%rsp),%rdx
   0x00007f3565640c7a <+490>:	mov    %ebx,%esi
   0x00007f3565640c7c <+492>:	mov    0x8(%rsp),%rdi
   0x00007f3565640c81 <+497>:	callq  *%r14
   0x00007f3565640c84 <+500>:	mov    %ebx,%eax
   0x00007f3565640c86 <+502>:	and    $0x6,%eax
   0x00007f3565640c89 <+505>:	cmp    $0x2,%eax
   0x00007f3565640c8c <+508>:	je     0x7f3565640cf0 <g_logv+608>
   0x00007f3565640c8e <+510>:	and    $0x2,%ebx
   0x00007f3565640c91 <+513>:	jne    0x7f3565640d21 <g_logv+657>
   0x00007f3565640c97 <+519>:	lea    0x2e8542(%rip),%rdi        # 0x7f35659291e0 <g_log_depth>
   0x00007f3565640c9e <+526>:	mov    %r13d,%esi
   0x00007f3565640ca1 <+529>:	callq  0x7f356567eaf0 <g_private_set>
   0x00007f3565640ca6 <+534>:	test   %r15d,%r15d
   0x00007f3565640ca9 <+537>:	jle    0x7f3565640cc3 <g_logv+563>
   0x00007f3565640cab <+539>:	nopl   0x0(%rax,%rax,1)
   0x00007f3565640cb0 <+544>:	sub    $0x1,%r15d
   0x00007f3565640cb4 <+548>:	bt     %r15,%rbp
   0x00007f3565640cb8 <+552>:	jb     0x7f3565640b80 <g_logv+240>
   0x00007f3565640cbe <+558>:	test   %r15d,%r15d
   0x00007f3565640cc1 <+561>:	jne    0x7f3565640cb0 <g_logv+544>
   0x00007f3565640cc3 <+563>:	mov    (%rsp),%rdi
   0x00007f3565640cc7 <+567>:	callq  0x7f356563f790 <g_free>
   0x00007f3565640ccc <+572>:	jmpq   0x7f3565640abf <g_logv+47>
   0x00007f3565640cd1 <+577>:	nopl   0x0(%rax)
   0x00007f3565640cd8 <+584>:	mov    0x2e84e1(%rip),%rcx        # 0x7f35659291c0 <default_log_data>
   0x00007f3565640cdf <+591>:	mov    0x2e7d8a(%rip),%r14        # 0x7f3565928a70 <default_log_func>
   0x00007f3565640ce6 <+598>:	jmpq   0x7f3565640c50 <g_logv+448>
   0x00007f3565640ceb <+603>:	nopl   0x0(%rax,%rax,1)
   0x00007f3565640cf0 <+608>:	mov    0x2e84c1(%rip),%rax        # 0x7f35659291b8 <fatal_log_func>
   0x00007f3565640cf7 <+615>:	test   %rax,%rax
   0x00007f3565640cfa <+618>:	je     0x7f3565640c8e <g_logv+510>
   0x00007f3565640cfc <+620>:	mov    0x2e84ad(%rip),%rcx        # 0x7f35659291b0 <fatal_log_data>
   0x00007f3565640d03 <+627>:	mov    (%rsp),%rdx
   0x00007f3565640d07 <+631>:	mov    %ebx,%esi
   0x00007f3565640d09 <+633>:	mov    0x8(%rsp),%rdi
   0x00007f3565640d0e <+638>:	callq  *%rax
   0x00007f3565640d10 <+640>:	test   %eax,%eax
   0x00007f3565640d12 <+642>:	je     0x7f3565640c97 <g_logv+519>
   0x00007f3565640d18 <+648>:	and    $0x2,%ebx
   0x00007f3565640d1b <+651>:	je     0x7f3565640c97 <g_logv+519>
   0x00007f3565640d21 <+657>:	callq  0x7f356565dcc0 <g_test_subprocess>
   0x00007f3565640d26 <+662>:	test   %eax,%eax
   0x00007f3565640d28 <+664>:	jne    0x7f3565640dfe <g_logv+878>
   0x00007f3565640d2e <+670>:	mov    0x24(%rsp),%eax
   0x00007f3565640d32 <+674>:	test   %eax,%eax
   0x00007f3565640d34 <+676>:	jne    0x7f3565640e08 <g_logv+888>
   0x00007f3565640d3a <+682>:	int3   
=> 0x00007f3565640d3b <+683>:	jmpq   0x7f3565640c97 <g_logv+519>
   0x00007f3565640d40 <+688>:	mov    $0x5,%edx
   0x00007f3565640d45 <+693>:	jmpq   0x7f3565640bdf <g_logv+335>
   0x00007f3565640d4a <+698>:	mov    0x8(%rbp),%esi
   0x00007f3565640d4d <+701>:	lea    0x30(%rsp),%r15
   0x00007f3565640d52 <+706>:	mov    %r15,%rdi
   0x00007f3565640d55 <+709>:	callq  0x7f356563ff70 <mklevel_prefix>
   0x00007f3565640d5a <+714>:	mov    0x0(%rbp),%rsi
   0x00007f3565640d5e <+718>:	mov    0x10(%rbp),%rcx
   0x00007f3565640d62 <+722>:	lea    0x6fbf1(%rip),%rax        # 0x7f35656b095a
   0x00007f3565640d69 <+729>:	lea    0x6fcb8(%rip),%rdi        # 0x7f35656b0a28
   0x00007f3565640d70 <+736>:	mov    %r15,%rdx
   0x00007f3565640d73 <+739>:	test   %rsi,%rsi
   0x00007f3565640d76 <+742>:	cmove  %rax,%rsi
   0x00007f3565640d7a <+746>:	xor    %eax,%eax
   0x00007f3565640d7c <+748>:	or     $0x2,%r12d
   0x00007f3565640d80 <+752>:	callq  0x7f3565658a50 <g_strdup_printf>
   0x00007f3565640d85 <+757>:	lea    0x663a2(%rip),%rdi        # 0x7f35656a712e
   0x00007f3565640d8c <+764>:	mov    %rax,%rbp
   0x00007f3565640d8f <+767>:	xor    %ecx,%ecx
   0x00007f3565640d91 <+769>:	mov    %rax,%rdx
   0x00007f3565640d94 <+772>:	mov    $0x8,%esi
   0x00007f3565640d99 <+777>:	callq  0x7f3565640500 <g_log_default_handler>
   0x00007f3565640d9e <+782>:	mov    %rbp,%rdi
   0x00007f3565640da1 <+785>:	callq  0x7f356563f790 <g_free>
   0x00007f3565640da6 <+790>:	jmpq   0x7f3565640b30 <g_logv+160>
   0x00007f3565640dab <+795>:	mov    0x10(%rbp),%rdi
   0x00007f3565640daf <+799>:	mov    (%rsp),%rsi
   0x00007f3565640db3 <+803>:	callq  0x7f3565649460 <g_pattern_match_simple>
   0x00007f3565640db8 <+808>:	test   %eax,%eax
   0x00007f3565640dba <+810>:	je     0x7f3565640b27 <g_logv+151>
   0x00007f3565640dc0 <+816>:	mov    0x2e83e1(%rip),%rdi        # 0x7f35659291a8 <expected_messages>
   0x00007f3565640dc7 <+823>:	mov    %rdi,%rsi
   0x00007f3565640dca <+826>:	callq  0x7f3565657fd0 <g_slist_delete_link>
   0x00007f3565640dcf <+831>:	mov    0x0(%rbp),%rdi
   0x00007f3565640dd3 <+835>:	mov    %rax,0x2e83ce(%rip)        # 0x7f35659291a8 <expected_messages>
   0x00007f3565640dda <+842>:	callq  0x7f356563f790 <g_free>
   0x00007f3565640ddf <+847>:	mov    0x10(%rbp),%rdi
   0x00007f3565640de3 <+851>:	callq  0x7f356563f790 <g_free>
   0x00007f3565640de8 <+856>:	mov    %rbp,%rdi
   0x00007f3565640deb <+859>:	callq  0x7f356563f790 <g_free>
   0x00007f3565640df0 <+864>:	mov    (%rsp),%rdi
   0x00007f3565640df4 <+868>:	callq  0x7f356563f790 <g_free>
   0x00007f3565640df9 <+873>:	jmpq   0x7f3565640abf <g_logv+47>
   0x00007f3565640dfe <+878>:	mov    $0x1,%edi
   0x00007f3565640e03 <+883>:	callq  0x7f3565609c10 <_exit@plt>
   0x00007f3565640e08 <+888>:	callq  0x7f3565609ba0 <abort@plt>
   0x00007f3565640e0d <+893>:	callq  0x7f3565609e20 <__stack_chk_fail@plt>
End of assembler dump.
```

**Comment by rwpreece** [comment]
I get the same error and cinnamon crashed and restarts.  Happens when screensaver tries to display.  Linux Mint 17.2
NVIDIA G98 (Quadro NVS 295) 
Driver: 340.96 (recommended)

Happens when running a Java application.  Specifically Oracle SQL Developer 4.1.2 with jdk1.8.0_66-b17 64-bit (but actually with any jdk1.8 version).  

The crash occurs when I've been in the app for awhile, then click on the user interface to set the cursor where I want it or even hit a key.  Any type of user interface action seems to do it.  But just in Oracle SQL Developer, which is a Java based application.  I've heard Java apps don't seem to properly set the PID for the window.

Hope this helps.

Roger

**Comment by rwpreece** [comment]
Also, even though I have the Screen Locker (The standard cinnamon lock screen - default) chosen for use when the idle time is reached and the screensaver automatically tries to display, I've seen log messages referring to the other screensaver which is Stars (Stars flying all over the screen! - webkit), which I believe is an xscreensaver object.  However, when I check in my Software Manager for screensaver applications I don't see xscreensaver as being installed.  I guess what I'm getting at is, if Stars is an xscreensaver object or even if cinnamon-screensaver is trying to use xscreensaver then it should probably be installed by default so that any dependencies are available to cinnamon-screensaver.  I'll experiment when I get a minute but I'm overwhelmed at work at the moment.

Just a thought.  Hope it helps or provides some ideas regarding where to look for the issue.

Roger

**Comment by rwpreece** [comment]
Sorry.  My mistake.  Stars is not an xscreensaver object.

**Comment by rwpreece** [comment]
Possible Workaround:

I deleted the entry for org.cinnamon.desktop.screensaver.screensaver-webkit-theme using dconf edit and this seems to have stopped my crashing issue.  There are still a couple of warnings or a critical message for cinnamon-screensaver in my .xsession-errors file but cinnamon hasn't crashed.

The default entry is: webkit-stars@cinnamon.org

I'm guessing that cinnamon-screensaver was trying to start the stars screen saver and didn't have all the required information or dependenies that it needed.  Just a guess.

So all my other settings for screensaver, in dconf edit, are the defaults.  I just made sure these two entries were empty:
org.cinnamon.desktop.screensaver.screensaver-name
org.cinnamon.desktop.screensaver.screensaver-webkit-theme 

Note: The "screensaver-name" entries was already blank even though within the screensaver settings application I had selected the default "screen locker" screensaver.
